INFO: [HLS 200-10] Running 'C:/Xilinx/Vivado/2018.3/bin/unwrapped/win64.o/vivado_hls.exe'
INFO: [HLS 200-10] For user 'zhangqx' on host 'desktop-2l4t92t' (Windows NT_amd64 version 6.2) on Tue Jul 28 19:34:55 +0800 2020
INFO: [HLS 200-10] In directory 'C:/Users/zhangqx/workspace/Xilinx_Intern/summer/project/DOA_Estimation_Based_on_MUSIC_HLS'
INFO: [HLS 200-10] Opening project 'C:/Users/zhangqx/workspace/Xilinx_Intern/summer/project/DOA_Estimation_Based_on_MUSIC_HLS/MUSIC'.
INFO: [HLS 200-10] Opening solution 'C:/Users/zhangqx/workspace/Xilinx_Intern/summer/project/DOA_Estimation_Based_on_MUSIC_HLS/MUSIC/solution1'.
INFO: [SYN 201-201] Setting up clock 'default' with a period of 10ns.
INFO: [HLS 200-10] Setting target device to 'xc7z020clg400-1'
INFO: [SIM 211-2] *************** CSIM start ***************
INFO: [SIM 211-4] CSIM will launch GCC as the compiler.
   Compiling ../../../../src/test.cpp in debug mode
   Generating csim.exe
******audio file read test**********
|======================================|
Num Channels: 1
Num Samples Per Channel: 48000
Sample Rate: 16000
Bit Depth: 16
Length in Seconds: 3
|======================================|
INFO: [SIM 211-1] CSim done with 0 errors.
INFO: [SIM 211-3] *************** CSIM finish ***************
