

================================================================
== Vivado HLS Report for 'eig_decompose'
================================================================
* Date:           Wed Jul 29 20:31:37 2020

* Version:        2019.1 (Build 2552052 on Fri May 24 15:28:33 MDT 2019)
* Project:        DOA_Estimation_proj
* Solution:       solution1
* Product family: zynq
* Target device:  xc7z020-clg400-1


================================================================
== Performance Estimates
================================================================
+ Timing (ns): 
    * Summary: 
    +--------+-------+----------+------------+
    |  Clock | Target| Estimated| Uncertainty|
    +--------+-------+----------+------------+
    |ap_clk  |  10.00|     9.195|        1.25|
    +--------+-------+----------+------------+

+ Latency (clock cycles): 
    * Summary: 
    +-------+-------+-------+-------+---------+
    |    Latency    |    Interval   | Pipeline|
    |  min  |  max  |  min  |  max  |   Type  |
    +-------+-------+-------+-------+---------+
    |  53241|  61317|  53241|  61317|   none  |
    +-------+-------+-------+-------+---------+

    + Detail: 
        * Instance: 
        +--------------------+---------+-----+-----+-----+-----+---------+
        |                    |         |  Latency  |  Interval | Pipeline|
        |      Instance      |  Module | min | max | min | max |   Type  |
        +--------------------+---------+-----+-----+-----+-----+---------+
        |grp_qrf_alt_fu_913  |qrf_alt  |  684|  854|  684|  854|   none  |
        +--------------------+---------+-----+-----+-----+-----+---------+

        * Loop: 
        +---------------------+-------+-------+-------------+-----------+-----------+-------+----------+
        |                     |    Latency    |  Iteration  |  Initiation Interval  |  Trip |          |
        |      Loop Name      |  min  |  max  |   Latency   |  achieved |   target  | Count | Pipelined|
        +---------------------+-------+-------+-------------+-----------+-----------+-------+----------+
        |- Loop 1             |     19|     19|            5|          -|          -|      4|    no    |
        | + Loop 1.1          |      3|      3|            1|          -|          -|      4|    no    |
        |- Loop 2             |     19|     19|            5|          -|          -|      4|    no    |
        | + Loop 2.1          |      3|      3|            1|          -|          -|      4|    no    |
        |- Loop 3             |     19|     19|            5|          -|          -|      4|    no    |
        | + Loop 3.1          |      3|      3|            1|          -|          -|      4|    no    |
        |- Loop 4             |     19|     19|            5|          -|          -|      4|    no    |
        | + Loop 4.1          |      3|      3|            1|          -|          -|      4|    no    |
        |- Loop 5             |     40|     40|           10|          -|          -|      4|    no    |
        | + Loop 5.1          |      8|      8|            2|          -|          -|      4|    no    |
        |- Loop 6             |  50610|  55710| 1687 ~ 1857 |          -|          -|     30|    no    |
        | + Loop 6.1          |   1000|   1000|          250|          -|          -|      4|    no    |
        |  ++ Loop 6.1.1      |    248|    248|           62|          -|          -|      4|    no    |
        |   +++ Loop 6.1.1.1  |     60|     60|           15|          -|          -|      4|    no    |
        |- Loop 7             |   2508|   5484|  627 ~ 1371 |          -|          -|      4|    no    |
        | + Loop 7.1          |     32|     32|            8|          -|          -|      4|    no    |
        | + Loop 7.2          |    297|    951|   99 ~ 317  |          -|          -|      3|    no    |
        |  ++ Loop 7.2.1      |     52|    104|           26|          -|          -| 2 ~ 4 |    no    |
        |  ++ Loop 7.2.2      |     35|    201|   35 ~ 67   |          -|          -| 1 ~ 3 |    no    |
        |   +++ Loop 7.2.2.1  |     32|     64|           16|          -|          -| 2 ~ 4 |    no    |
        | + Loop 7.3          |    168|    258|   56 ~ 86   |          -|          -|      3|    no    |
        |  ++ Loop 7.3.1      |     15|     45|           15|          -|          -| 1 ~ 3 |    no    |
        | + Loop 7.4          |    104|    104|           26|          -|          -|      4|    no    |
        +---------------------+-------+-------+-------------+-----------+-----------+-------+----------+



================================================================
== Utilization Estimates
================================================================
* Summary: 
+-----------------+---------+-------+--------+-------+-----+
|       Name      | BRAM_18K| DSP48E|   FF   |  LUT  | URAM|
+-----------------+---------+-------+--------+-------+-----+
|DSP              |        -|      -|       -|      -|    -|
|Expression       |        -|      -|       0|   1189|    -|
|FIFO             |        -|      -|       -|      -|    -|
|Instance         |        8|    121|   39221|  35832|    0|
|Memory           |        0|      -|     512|     64|    0|
|Multiplexer      |        -|      -|       -|   2349|    -|
|Register         |        -|      -|    1801|      -|    -|
+-----------------+---------+-------+--------+-------+-----+
|Total            |        8|    121|   41534|  39434|    0|
+-----------------+---------+-------+--------+-------+-----+
|Available        |      280|    220|  106400|  53200|    0|
+-----------------+---------+-------+--------+-------+-----+
|Utilization (%)  |        2|     55|      39|     74|    0|
+-----------------+---------+-------+--------+-------+-----+

+ Detail: 
    * Instance: 
    +---------------------------+----------------------+---------+-------+-------+-------+-----+
    |          Instance         |        Module        | BRAM_18K| DSP48E|   FF  |  LUT  | URAM|
    +---------------------------+----------------------+---------+-------+-------+-------+-----+
    |music_faddfsub_32ibs_U149  |music_faddfsub_32ibs  |        0|      2|    205|    390|    0|
    |music_faddfsub_32ibs_U150  |music_faddfsub_32ibs  |        0|      2|    205|    390|    0|
    |music_fdiv_32ns_3ncg_U158  |music_fdiv_32ns_3ncg  |        0|      0|    761|    994|    0|
    |music_fdiv_32ns_3ncg_U159  |music_fdiv_32ns_3ncg  |        0|      0|    761|    994|    0|
    |music_fmul_32ns_3jbC_U152  |music_fmul_32ns_3jbC  |        0|      3|    143|    321|    0|
    |music_fmul_32ns_3jbC_U153  |music_fmul_32ns_3jbC  |        0|      3|    143|    321|    0|
    |music_fmul_32ns_3jbC_U154  |music_fmul_32ns_3jbC  |        0|      3|    143|    321|    0|
    |music_fmul_32ns_3jbC_U155  |music_fmul_32ns_3jbC  |        0|      3|    143|    321|    0|
    |music_fmul_32ns_3jbC_U156  |music_fmul_32ns_3jbC  |        0|      3|    143|    321|    0|
    |music_fmul_32ns_3jbC_U157  |music_fmul_32ns_3jbC  |        0|      3|    143|    321|    0|
    |music_fsqrt_32ns_qcK_U160  |music_fsqrt_32ns_qcK  |        0|      0|    405|    615|    0|
    |music_fsub_32ns_3rcU_U151  |music_fsub_32ns_3rcU  |        0|      2|    205|    390|    0|
    |music_mux_42_32_1_1_U161   |music_mux_42_32_1_1   |        0|      0|      0|     21|    0|
    |grp_qrf_alt_fu_913         |qrf_alt               |        8|     97|  35821|  30112|    0|
    +---------------------------+----------------------+---------+-------+-------+-------+-----+
    |Total                      |                      |        8|    121|  39221|  35832|    0|
    +---------------------------+----------------------+---------+-------+-------+-------+-----+

    * DSP48E: 
    N/A

    * Memory: 
    +------------------+----------------------+---------+----+----+-----+------+-----+------+-------------+
    |      Memory      |        Module        | BRAM_18K| FF | LUT| URAM| Words| Bits| Banks| W*Bits*Banks|
    +------------------+----------------------+---------+----+----+-----+------+-----+------+-------------+
    |Q_temp_M_real_U   |eig_decompose_Q_twdI  |        0|  64|   8|    0|    16|   32|     1|          512|
    |Q_temp_M_imag_U   |eig_decompose_Q_twdI  |        0|  64|   8|    0|    16|   32|     1|          512|
    |R_temp_M_real_U   |eig_decompose_Q_twdI  |        0|  64|   8|    0|    16|   32|     1|          512|
    |R_temp_M_imag_U   |eig_decompose_Q_twdI  |        0|  64|   8|    0|    16|   32|     1|          512|
    |Rx_temp_M_real_U  |eig_decompose_Q_twdI  |        0|  64|   8|    0|    16|   32|     1|          512|
    |Rx_temp_M_imag_U  |eig_decompose_Q_twdI  |        0|  64|   8|    0|    16|   32|     1|          512|
    |eig_mat_M_real_U  |eig_decompose_Q_twdI  |        0|  64|   8|    0|    16|   32|     1|          512|
    |eig_mat_M_imag_U  |eig_decompose_Q_twdI  |        0|  64|   8|    0|    16|   32|     1|          512|
    +------------------+----------------------+---------+----+----+-----+------+-----+------+-------------+
    |Total             |                      |        0| 512|  64|    0|   128|  256|     8|         4096|
    +------------------+----------------------+---------+----+----+-----+------+-----+------+-------------+

    * FIFO: 
    N/A

    * Expression: 
    +--------------------------+----------+-------+---+----+------------+------------+
    |       Variable Name      | Operation| DSP48E| FF| LUT| Bitwidth P0| Bitwidth P1|
    +--------------------------+----------+-------+---+----+------------+------------+
    |add_ln1044_fu_1469_p2     |     +    |      0|  0|  15|           6|           6|
    |add_ln11_1_fu_1131_p2     |     +    |      0|  0|  10|           2|           1|
    |add_ln11_fu_1125_p2       |     +    |      0|  0|  10|           2|           1|
    |add_ln12_1_fu_1169_p2     |     +    |      0|  0|  10|           2|           1|
    |add_ln12_fu_1163_p2       |     +    |      0|  0|  10|           2|           1|
    |add_ln13_1_fu_1207_p2     |     +    |      0|  0|  10|           2|           1|
    |add_ln13_fu_1201_p2       |     +    |      0|  0|  10|           2|           1|
    |add_ln14_1_fu_1245_p2     |     +    |      0|  0|  10|           2|           1|
    |add_ln14_fu_1239_p2       |     +    |      0|  0|  10|           2|           1|
    |add_ln21_fu_1317_p2       |     +    |      0|  0|  15|           6|           6|
    |add_ln32_1_fu_1430_p2     |     +    |      0|  0|  15|           6|           6|
    |add_ln32_fu_1419_p2       |     +    |      0|  0|  15|           6|           6|
    |add_ln34_fu_1380_p2       |     +    |      0|  0|  15|           6|           6|
    |add_ln41_fu_1642_p2       |     +    |      0|  0|  15|           6|           6|
    |add_ln46_fu_1714_p2       |     +    |      0|  0|  15|           6|           6|
    |add_ln51_1_fu_1783_p2     |     +    |      0|  0|  15|           6|           6|
    |add_ln51_fu_1778_p2       |     +    |      0|  0|  15|           6|           6|
    |add_ln60_1_fu_1895_p2     |     +    |      0|  0|  15|           6|           6|
    |add_ln60_fu_1884_p2       |     +    |      0|  0|  15|           6|           6|
    |add_ln62_fu_1844_p2       |     +    |      0|  0|  15|           6|           6|
    |add_ln64_fu_1833_p2       |     +    |      0|  0|  15|           6|           6|
    |add_ln68_fu_1968_p2       |     +    |      0|  0|  15|           6|           6|
    |count_fu_1447_p2          |     +    |      0|  0|  12|           3|           1|
    |i_10_fu_1334_p2           |     +    |      0|  0|  15|           5|           1|
    |i_11_fu_1346_p2           |     +    |      0|  0|  12|           3|           1|
    |i_12_fu_1620_p2           |     +    |      0|  0|  12|           3|           1|
    |i_13_fu_1672_p2           |     +    |      0|  0|  10|           2|           1|
    |i_14_fu_1950_p2           |     +    |      0|  0|  12|           3|           1|
    |i_fu_1283_p2              |     +    |      0|  0|  12|           3|           1|
    |j_10_fu_1731_p2           |     +    |      0|  0|  39|          32|           1|
    |j_7_fu_1370_p2            |     +    |      0|  0|  12|           3|           1|
    |j_8_fu_1725_p2            |     +    |      0|  0|  39|           1|          32|
    |j_9_fu_1856_p2            |     +    |      0|  0|  39|          32|           1|
    |j_fu_1307_p2              |     +    |      0|  0|  12|           3|           1|
    |k_fu_1397_p2              |     +    |      0|  0|  12|           3|           1|
    |m_fu_1906_p2              |     +    |      0|  0|  12|           3|           2|
    |q_1_fu_1794_p2            |     +    |      0|  0|  39|           1|          32|
    |icmp_ln11_1_fu_1157_p2    |   icmp   |      0|  0|   8|           2|           2|
    |icmp_ln11_fu_1151_p2      |   icmp   |      0|  0|   8|           2|           2|
    |icmp_ln12_1_fu_1195_p2    |   icmp   |      0|  0|   8|           2|           2|
    |icmp_ln12_fu_1189_p2      |   icmp   |      0|  0|   8|           2|           2|
    |icmp_ln13_1_fu_1233_p2    |   icmp   |      0|  0|   8|           2|           2|
    |icmp_ln13_fu_1227_p2      |   icmp   |      0|  0|   8|           2|           2|
    |icmp_ln14_1_fu_1271_p2    |   icmp   |      0|  0|   8|           2|           2|
    |icmp_ln14_fu_1265_p2      |   icmp   |      0|  0|   8|           2|           2|
    |icmp_ln19_fu_1277_p2      |   icmp   |      0|  0|   9|           3|           4|
    |icmp_ln20_fu_1301_p2      |   icmp   |      0|  0|   9|           3|           4|
    |icmp_ln25_fu_1328_p2      |   icmp   |      0|  0|  11|           5|           3|
    |icmp_ln27_fu_1340_p2      |   icmp   |      0|  0|   9|           3|           4|
    |icmp_ln28_fu_1364_p2      |   icmp   |      0|  0|   9|           3|           4|
    |icmp_ln31_fu_1391_p2      |   icmp   |      0|  0|   9|           3|           4|
    |icmp_ln38_fu_1441_p2      |   icmp   |      0|  0|   9|           3|           4|
    |icmp_ln39_1_fu_1538_p2    |   icmp   |      0|  0|   8|           2|           1|
    |icmp_ln39_2_fu_1552_p2    |   icmp   |      0|  0|   9|           2|           3|
    |icmp_ln39_fu_1524_p2      |   icmp   |      0|  0|   8|           2|           1|
    |icmp_ln40_fu_1614_p2      |   icmp   |      0|  0|   9|           3|           4|
    |icmp_ln43_fu_1666_p2      |   icmp   |      0|  0|   8|           2|           2|
    |icmp_ln45_fu_1704_p2      |   icmp   |      0|  0|  18|          32|           3|
    |icmp_ln48_fu_1737_p2      |   icmp   |      0|  0|  18|          32|           2|
    |icmp_ln50_fu_1768_p2      |   icmp   |      0|  0|  18|          32|           3|
    |icmp_ln59_fu_1862_p2      |   icmp   |      0|  0|  18|          32|           2|
    |icmp_ln67_fu_1944_p2      |   icmp   |      0|  0|   9|           3|           4|
    |eigval_0_1_fu_1606_p3     |  select  |      0|  0|  32|           1|          32|
    |eigval_1_1_fu_1582_p3     |  select  |      0|  0|  32|           1|          32|
    |eigval_2_1_fu_1566_p3     |  select  |      0|  0|  32|           1|          32|
    |eigval_3_1_fu_1558_p3     |  select  |      0|  0|  32|           1|          32|
    |select_ln39_1_fu_1544_p3  |  select  |      0|  0|  32|           1|          32|
    |select_ln39_2_fu_1574_p3  |  select  |      0|  0|  32|           1|          32|
    |select_ln39_3_fu_1590_p3  |  select  |      0|  0|  32|           1|          32|
    |select_ln39_4_fu_1598_p3  |  select  |      0|  0|  32|           1|          32|
    |select_ln39_fu_1530_p3    |  select  |      0|  0|  32|           1|          32|
    |xor_ln1067_fu_1504_p2     |    xor   |      0|  0|   4|           3|           4|
    |xor_ln444_1_fu_1932_p2    |    xor   |      0|  0|  33|          32|          33|
    |xor_ln444_fu_1916_p2      |    xor   |      0|  0|  33|          32|          33|
    +--------------------------+----------+-------+---+----+------------+------------+
    |Total                     |          |      0|  0|1189|         457|         596|
    +--------------------------+----------+-------+---+----+------------+------------+

    * Multiplexer: 
    +-------------------------------+-----+-----------+-----+-----------+
    |              Name             | LUT | Input Size| Bits| Total Bits|
    +-------------------------------+-----+-----------+-----+-----------+
    |Q_temp_M_imag_address0         |   21|          4|    4|         16|
    |Q_temp_M_imag_ce0              |   15|          3|    1|          3|
    |Q_temp_M_imag_d0               |   15|          3|   32|         96|
    |Q_temp_M_imag_we0              |   15|          3|    1|          3|
    |Q_temp_M_real_address0         |   21|          4|    4|         16|
    |Q_temp_M_real_ce0              |   15|          3|    1|          3|
    |Q_temp_M_real_d0               |   15|          3|   32|         96|
    |Q_temp_M_real_we0              |   15|          3|    1|          3|
    |R_temp_M_imag_address0         |   21|          4|    4|         16|
    |R_temp_M_imag_ce0              |   15|          3|    1|          3|
    |R_temp_M_imag_d0               |   15|          3|   32|         96|
    |R_temp_M_imag_we0              |   15|          3|    1|          3|
    |R_temp_M_real_address0         |   21|          4|    4|         16|
    |R_temp_M_real_ce0              |   15|          3|    1|          3|
    |R_temp_M_real_d0               |   15|          3|   32|         96|
    |R_temp_M_real_we0              |   15|          3|    1|          3|
    |Rx_M_imag_address0             |   15|          3|    4|         12|
    |Rx_M_real_address0             |   15|          3|    4|         12|
    |Rx_temp_M_imag_address0        |   56|         13|    4|         52|
    |Rx_temp_M_imag_d0              |   27|          5|   32|        160|
    |Rx_temp_M_real_address0        |   56|         13|    4|         52|
    |Rx_temp_M_real_d0              |   27|          5|   32|        160|
    |U_M_imag_address0              |   33|          6|    4|         24|
    |U_M_imag_d0                    |   15|          3|   32|         96|
    |U_M_real_address0              |   33|          6|    4|         24|
    |U_M_real_d0                    |   15|          3|   32|         96|
    |ap_NS_fsm                      |  853|        197|    1|        197|
    |ap_return_0                    |    9|          2|   32|         64|
    |ap_return_1                    |    9|          2|   32|         64|
    |ap_return_2                    |    9|          2|   32|         64|
    |ap_return_3                    |    9|          2|   32|         64|
    |complex_M_imag_read_2_reg_869  |    9|          2|   32|         64|
    |complex_M_imag_read_reg_706    |    9|          2|   32|         64|
    |complex_M_real_read_2_reg_881  |    9|          2|   32|         64|
    |complex_M_real_read_reg_719    |    9|          2|   32|         64|
    |count_0_reg_783                |    9|          2|    3|          6|
    |eig_mat_M_imag_address0        |   27|          5|    4|         20|
    |eig_mat_M_imag_ce0             |   15|          3|    1|          3|
    |eig_mat_M_imag_d0              |   21|          4|   32|        128|
    |eig_mat_M_real_address0        |   33|          6|    4|         24|
    |eig_mat_M_real_ce0             |   15|          3|    1|          3|
    |eig_mat_M_real_d0              |   21|          4|   32|        128|
    |eigval_0_0_reg_743             |    9|          2|   32|         64|
    |eigval_1_0_reg_753             |    9|          2|   32|         64|
    |eigval_2_0_reg_763             |    9|          2|   32|         64|
    |eigval_3_0_reg_773             |    9|          2|   32|         64|
    |grp_fu_1003_p0                 |   15|          3|   32|         96|
    |grp_fu_1003_p1                 |   15|          3|   32|         96|
    |grp_fu_1008_p0                 |   15|          3|   32|         96|
    |grp_fu_1008_p1                 |   15|          3|   32|         96|
    |grp_fu_931_opcode              |   15|          3|    2|          6|
    |grp_fu_931_p0                  |   38|          7|   32|        224|
    |grp_fu_931_p1                  |   27|          5|   32|        160|
    |grp_fu_935_opcode              |   15|          3|    2|          6|
    |grp_fu_935_p0                  |   27|          5|   32|        160|
    |grp_fu_935_p1                  |   15|          3|   32|         96|
    |grp_fu_949_p0                  |   41|          8|   32|        256|
    |grp_fu_949_p1                  |   38|          7|   32|        224|
    |grp_fu_955_p0                  |   38|          7|   32|        224|
    |grp_fu_955_p1                  |   38|          7|   32|        224|
    |grp_fu_961_p0                  |   33|          6|   32|        192|
    |grp_fu_961_p1                  |   33|          6|   32|        192|
    |grp_fu_967_p0                  |   33|          6|   32|        192|
    |grp_fu_967_p1                  |   33|          6|   32|        192|
    |i16_0_reg_673                  |    9|          2|    5|         10|
    |i17_0_reg_684                  |    9|          2|    3|          6|
    |i19_0_reg_795                  |    9|          2|    3|          6|
    |i24_0_reg_902                  |    9|          2|    3|          6|
    |i_0_reg_651                    |    9|          2|    3|          6|
    |j18_0_reg_695                  |    9|          2|    3|          6|
    |j21_0_reg_818                  |    9|          2|   32|         64|
    |j22_0_in_reg_827               |    9|          2|   32|         64|
    |j23_0_in_reg_893               |    9|          2|   32|         64|
    |j_0_reg_662                    |    9|          2|    3|          6|
    |j_11_reg_806                   |    9|          2|    2|          4|
    |k_0_reg_732                    |    9|          2|    3|          6|
    |m_0_reg_857                    |    9|          2|    3|          6|
    |p_x_assign_reg_845             |    9|          2|   32|         64|
    |phi_ln11_1_reg_571             |    9|          2|    2|          4|
    |phi_ln11_reg_559               |    9|          2|    2|          4|
    |phi_ln12_1_reg_594             |    9|          2|    2|          4|
    |phi_ln12_reg_582               |    9|          2|    2|          4|
    |phi_ln13_1_reg_617             |    9|          2|    2|          4|
    |phi_ln13_reg_605               |    9|          2|    2|          4|
    |phi_ln14_1_reg_640             |    9|          2|    2|          4|
    |phi_ln14_reg_628               |    9|          2|    2|          4|
    |q_0_reg_836                    |    9|          2|   32|         64|
    +-------------------------------+-----+-----------+-----+-----------+
    |Total                          | 2349|        497| 1489|       5583|
    +-------------------------------+-----+-----------+-----+-----------+

    * Register: 
    +---------------------------------+-----+----+-----+-----------+
    |               Name              |  FF | LUT| Bits| Const Bits|
    +---------------------------------+-----+----+-----+-----------+
    |Rx_temp_M_imag_addr_4_reg_2332   |    4|   0|    4|          0|
    |Rx_temp_M_imag_addr_5_reg_2431   |    4|   0|    4|          0|
    |Rx_temp_M_imag_addr_8_reg_2398   |    4|   0|    4|          0|
    |Rx_temp_M_real_addr_4_reg_2327   |    4|   0|    4|          0|
    |Rx_temp_M_real_addr_5_reg_2426   |    4|   0|    4|          0|
    |Rx_temp_M_real_addr_8_reg_2393   |    4|   0|    4|          0|
    |U_M_imag_addr_2_reg_2421         |    4|   0|    4|          0|
    |U_M_imag_addr_4_reg_2538         |    4|   0|    4|          0|
    |U_M_imag_addr_reg_2224           |    4|   0|    4|          0|
    |U_M_real_addr_2_reg_2416         |    4|   0|    4|          0|
    |U_M_real_addr_4_reg_2533         |    4|   0|    4|          0|
    |U_M_real_addr_reg_2219           |    4|   0|    4|          0|
    |add_ln11_reg_1999                |    2|   0|    2|          0|
    |add_ln12_reg_2015                |    2|   0|    2|          0|
    |add_ln13_reg_2031                |    2|   0|    2|          0|
    |add_ln14_reg_2047                |    2|   0|    2|          0|
    |add_ln51_reg_2373                |    6|   0|    6|          0|
    |ap_CS_fsm                        |  196|   0|  196|          0|
    |ap_return_0_preg                 |   32|   0|   32|          0|
    |ap_return_1_preg                 |   32|   0|   32|          0|
    |ap_return_2_preg                 |   32|   0|   32|          0|
    |ap_return_3_preg                 |   32|   0|   32|          0|
    |complex_M_imag_read_2_reg_869    |   32|   0|   32|          0|
    |complex_M_imag_read_reg_706      |   32|   0|   32|          0|
    |complex_M_real_read_2_reg_881    |   32|   0|   32|          0|
    |complex_M_real_read_reg_719      |   32|   0|   32|          0|
    |count_0_reg_783                  |    3|   0|    3|          0|
    |count_reg_2202                   |    3|   0|    3|          0|
    |eig_mat_M_imag_addr_2_reg_2142   |    4|   0|    4|          0|
    |eig_mat_M_real_addr_3_reg_2137   |    4|   0|    4|          0|
    |eigval_0_0_reg_743               |   32|   0|   32|          0|
    |eigval_0_1_reg_2252              |   32|   0|   32|          0|
    |eigval_1_0_reg_753               |   32|   0|   32|          0|
    |eigval_1_1_reg_2246              |   32|   0|   32|          0|
    |eigval_2_0_reg_763               |   32|   0|   32|          0|
    |eigval_2_1_reg_2240              |   32|   0|   32|          0|
    |eigval_3_0_reg_773               |   32|   0|   32|          0|
    |eigval_3_1_reg_2234              |   32|   0|   32|          0|
    |grp_qrf_alt_fu_913_ap_start_reg  |    1|   0|    1|          0|
    |i16_0_reg_673                    |    5|   0|    5|          0|
    |i17_0_reg_684                    |    3|   0|    3|          0|
    |i19_0_reg_795                    |    3|   0|    3|          0|
    |i24_0_reg_902                    |    3|   0|    3|          0|
    |i_0_reg_651                      |    3|   0|    3|          0|
    |i_10_reg_2105                    |    5|   0|    5|          0|
    |i_11_reg_2113                    |    3|   0|    3|          0|
    |i_12_reg_2261                    |    3|   0|    3|          0|
    |i_13_reg_2303                    |    2|   0|    2|          0|
    |i_14_reg_2528                    |    3|   0|    3|          0|
    |i_reg_2066                       |    3|   0|    3|          0|
    |j18_0_reg_695                    |    3|   0|    3|          0|
    |j21_0_reg_818                    |   32|   0|   32|          0|
    |j22_0_in_reg_827                 |   32|   0|   32|          0|
    |j23_0_in_reg_893                 |   32|   0|   32|          0|
    |j_0_reg_662                      |    3|   0|    3|          0|
    |j_10_reg_2342                    |   32|   0|   32|          0|
    |j_11_reg_806                     |    2|   0|    2|          0|
    |j_7_reg_2127                     |    3|   0|    3|          0|
    |j_8_reg_2337                     |   32|   0|   32|          0|
    |j_9_reg_2436                     |   32|   0|   32|          0|
    |j_reg_2079                       |    3|   0|    3|          0|
    |k_0_reg_732                      |    3|   0|    3|          0|
    |k_reg_2150                       |    3|   0|    3|          0|
    |m_0_reg_857                      |    3|   0|    3|          0|
    |m_reg_2464                       |    3|   0|    3|          0|
    |midsum_reg_2518                  |   32|   0|   32|          0|
    |p_r_M_real_reg_2283              |   32|   0|   32|          0|
    |p_x_assign_reg_845               |   32|   0|   32|          0|
    |p_y_read_assign_reg_2278         |   32|   0|   32|          0|
    |phi_ln11_1_reg_571               |    2|   0|    2|          0|
    |phi_ln11_reg_559                 |    2|   0|    2|          0|
    |phi_ln12_1_reg_594               |    2|   0|    2|          0|
    |phi_ln12_reg_582                 |    2|   0|    2|          0|
    |phi_ln13_1_reg_617               |    2|   0|    2|          0|
    |phi_ln13_reg_605                 |    2|   0|    2|          0|
    |phi_ln14_1_reg_640               |    2|   0|    2|          0|
    |phi_ln14_reg_628                 |    2|   0|    2|          0|
    |q_0_reg_836                      |   32|   0|   32|          0|
    |q_1_reg_2388                     |   32|   0|   32|          0|
    |reg_1021                         |   32|   0|   32|          0|
    |reg_1026                         |   32|   0|   32|          0|
    |reg_1031                         |   32|   0|   32|          0|
    |reg_1036                         |   32|   0|   32|          0|
    |reg_1041                         |   32|   0|   32|          0|
    |reg_1050                         |   32|   0|   32|          0|
    |reg_1059                         |   32|   0|   32|          0|
    |reg_1071                         |   32|   0|   32|          0|
    |reg_1081                         |   32|   0|   32|          0|
    |reg_1091                         |   32|   0|   32|          0|
    |reg_1100                         |   32|   0|   32|          0|
    |sext_ln49_cast_reg_2365          |    4|   0|    6|          2|
    |sext_ln64_reg_2411               |    4|   0|    6|          2|
    |sum_M_imag_reg_2507              |   32|   0|   32|          0|
    |sum_M_real_reg_2501              |   32|   0|   32|          0|
    |tmp_7_i_i_reg_2486               |   32|   0|   32|          0|
    |tmp_8_i_i_reg_2491               |   32|   0|   32|          0|
    |tmp_9_i_i_reg_2496               |   32|   0|   32|          0|
    |trunc_ln39_reg_2229              |    2|   0|    2|          0|
    |trunc_ln49_reg_2350              |    4|   0|    4|          0|
    |zext_ln1067_reg_2207             |    3|   0|    6|          3|
    |zext_ln20_reg_2071               |    3|   0|    6|          3|
    |zext_ln21_1_reg_2084             |    6|   0|   64|         58|
    |zext_ln28_reg_2118               |    3|   0|    6|          3|
    |zext_ln34_reg_2132               |    3|   0|    6|          3|
    |zext_ln41_2_reg_2266             |    6|   0|   64|         58|
    |zext_ln43_reg_2293               |    2|   0|   32|         30|
    |zext_ln44_reg_2318               |    2|   0|    6|          4|
    +---------------------------------+-----+----+-----+-----------+
    |Total                            | 1801|   0| 1967|        166|
    +---------------------------------+-----+----+-----+-----------+



================================================================
== Interface
================================================================
* Summary: 
+--------------------+-----+-----+------------+---------------+--------------+
|      RTL Ports     | Dir | Bits|  Protocol  | Source Object |    C Type    |
+--------------------+-----+-----+------------+---------------+--------------+
|ap_clk              |  in |    1| ap_ctrl_hs | eig_decompose | return value |
|ap_rst              |  in |    1| ap_ctrl_hs | eig_decompose | return value |
|ap_start            |  in |    1| ap_ctrl_hs | eig_decompose | return value |
|ap_done             | out |    1| ap_ctrl_hs | eig_decompose | return value |
|ap_idle             | out |    1| ap_ctrl_hs | eig_decompose | return value |
|ap_ready            | out |    1| ap_ctrl_hs | eig_decompose | return value |
|ap_return_0         | out |   32| ap_ctrl_hs | eig_decompose | return value |
|ap_return_1         | out |   32| ap_ctrl_hs | eig_decompose | return value |
|ap_return_2         | out |   32| ap_ctrl_hs | eig_decompose | return value |
|ap_return_3         | out |   32| ap_ctrl_hs | eig_decompose | return value |
|Rx_M_real_address0  | out |    4|  ap_memory |   Rx_M_real   |     array    |
|Rx_M_real_ce0       | out |    1|  ap_memory |   Rx_M_real   |     array    |
|Rx_M_real_q0        |  in |   32|  ap_memory |   Rx_M_real   |     array    |
|Rx_M_imag_address0  | out |    4|  ap_memory |   Rx_M_imag   |     array    |
|Rx_M_imag_ce0       | out |    1|  ap_memory |   Rx_M_imag   |     array    |
|Rx_M_imag_q0        |  in |   32|  ap_memory |   Rx_M_imag   |     array    |
|U_M_real_address0   | out |    4|  ap_memory |    U_M_real   |     array    |
|U_M_real_ce0        | out |    1|  ap_memory |    U_M_real   |     array    |
|U_M_real_we0        | out |    1|  ap_memory |    U_M_real   |     array    |
|U_M_real_d0         | out |   32|  ap_memory |    U_M_real   |     array    |
|U_M_real_q0         |  in |   32|  ap_memory |    U_M_real   |     array    |
|U_M_imag_address0   | out |    4|  ap_memory |    U_M_imag   |     array    |
|U_M_imag_ce0        | out |    1|  ap_memory |    U_M_imag   |     array    |
|U_M_imag_we0        | out |    1|  ap_memory |    U_M_imag   |     array    |
|U_M_imag_d0         | out |   32|  ap_memory |    U_M_imag   |     array    |
|U_M_imag_q0         |  in |   32|  ap_memory |    U_M_imag   |     array    |
|eigval_0_read       |  in |   32|   ap_none  | eigval_0_read |    scalar    |
|eigval_1_read       |  in |   32|   ap_none  | eigval_1_read |    scalar    |
|eigval_2_read       |  in |   32|   ap_none  | eigval_2_read |    scalar    |
|eigval_3_read       |  in |   32|   ap_none  | eigval_3_read |    scalar    |
+--------------------+-----+-----+------------+---------------+--------------+

