

================================================================
== Vivado HLS Report for 'fft'
================================================================
* Date:           Wed Jul 29 20:31:28 2020

* Version:        2019.1 (Build 2552052 on Fri May 24 15:28:33 MDT 2019)
* Project:        DOA_Estimation_proj
* Solution:       solution1
* Product family: zynq
* Target device:  xc7z020-clg400-1


================================================================
== Performance Estimates
================================================================
+ Timing (ns): 
    * Summary: 
    +--------+-------+----------+------------+
    |  Clock | Target| Estimated| Uncertainty|
    +--------+-------+----------+------------+
    |ap_clk  |  10.00|     8.680|        1.25|
    +--------+-------+----------+------------+

+ Latency (clock cycles): 
    * Summary: 
    +-----+-----+-----+-----+---------+
    |  Latency  |  Interval | Pipeline|
    | min | max | min | max |   Type  |
    +-----+-----+-----+-----+---------+
    |    ?|    ?|    ?|    ?|   none  |
    +-----+-----+-----+-----+---------+

    + Detail: 
        * Instance: 
        +-------------------------------+--------------------+-------+-------+-------+-------+---------+
        |                               |                    |    Latency    |    Interval   | Pipeline|
        |            Instance           |       Module       |  min  |  max  |  min  |  max  |   Type  |
        +-------------------------------+--------------------+-------+-------+-------+-------+---------+
        |grp_sin_or_cos_float_s_fu_258  |sin_or_cos_float_s  |     21|     25|     21|     25|   none  |
        |grp_sin_or_cos_float_s_fu_274  |sin_or_cos_float_s  |     21|     25|     21|     25|   none  |
        |grp_bit_reverse_fu_290         |bit_reverse         |  13313|  14337|  13313|  14337|   none  |
        +-------------------------------+--------------------+-------+-------+-------+-------+---------+

        * Loop: 
        +-------------------+------+------+----------+-----------+-----------+---------+----------+
        |                   |   Latency   | Iteration|  Initiation Interval  |   Trip  |          |
        |     Loop Name     |  min |  max |  Latency |  achieved |   target  |  Count  | Pipelined|
        +-------------------+------+------+----------+-----------+-----------+---------+----------+
        |- Loop 1           |  2048|  2048|         2|          -|          -|     1024|    no    |
        |- stage_loop       |     ?|     ?|         ?|          -|          -|       10|    no    |
        | + butterfly_loop  |     ?|     ?|         ?|          -|          -| 1 ~ 512 |    no    |
        |  ++ dft_loop      |     ?|     ?|        25|          -|          -|        ?|    no    |
        |- Loop 3           |  2048|  2048|         2|          -|          -|     1024|    no    |
        +-------------------+------+------+----------+-----------+-----------+---------+----------+



================================================================
== Utilization Estimates
================================================================
* Summary: 
+-----------------+---------+-------+--------+-------+-----+
|       Name      | BRAM_18K| DSP48E|   FF   |  LUT  | URAM|
+-----------------+---------+-------+--------+-------+-----+
|DSP              |        -|      -|       -|      -|    -|
|Expression       |        -|      -|       0|    224|    -|
|FIFO             |        -|      -|       -|      -|    -|
|Instance         |        -|     42|    8206|  12211|    -|
|Memory           |        4|      -|       0|      0|    0|
|Multiplexer      |        -|      -|       -|    749|    -|
|Register         |        -|      -|     921|      -|    -|
+-----------------+---------+-------+--------+-------+-----+
|Total            |        4|     42|    9127|  13184|    0|
+-----------------+---------+-------+--------+-------+-----+
|Available        |      280|    220|  106400|  53200|    0|
+-----------------+---------+-------+--------+-------+-----+
|Utilization (%)  |        1|     19|       8|     24|    0|
+-----------------+---------+-------+--------+-------+-----+

+ Detail: 
    * Instance: 
    +-------------------------------+----------------------+---------+-------+------+------+-----+
    |            Instance           |        Module        | BRAM_18K| DSP48E|  FF  |  LUT | URAM|
    +-------------------------------+----------------------+---------+-------+------+------+-----+
    |grp_bit_reverse_fu_290         |bit_reverse           |        0|      0|   189|   195|    0|
    |music_ddiv_64ns_6lbW_U30       |music_ddiv_64ns_6lbW  |        0|      0|  3211|  3658|    0|
    |music_faddfsub_32ibs_U23       |music_faddfsub_32ibs  |        0|      2|   205|   390|    0|
    |music_faddfsub_32ibs_U24       |music_faddfsub_32ibs  |        0|      2|   205|   390|    0|
    |music_fmul_32ns_3jbC_U25       |music_fmul_32ns_3jbC  |        0|      3|   143|   321|    0|
    |music_fmul_32ns_3jbC_U26       |music_fmul_32ns_3jbC  |        0|      3|   143|   321|    0|
    |music_fmul_32ns_3jbC_U27       |music_fmul_32ns_3jbC  |        0|      3|   143|   321|    0|
    |music_fmul_32ns_3jbC_U28       |music_fmul_32ns_3jbC  |        0|      3|   143|   321|    0|
    |music_fptrunc_64nkbM_U29       |music_fptrunc_64nkbM  |        0|      0|   128|   277|    0|
    |music_sitodp_32nsmb6_U31       |music_sitodp_32nsmb6  |        0|      0|   412|   645|    0|
    |grp_sin_or_cos_float_s_fu_258  |sin_or_cos_float_s    |        0|     13|  1642|  2686|    0|
    |grp_sin_or_cos_float_s_fu_274  |sin_or_cos_float_s    |        0|     13|  1642|  2686|    0|
    +-------------------------------+----------------------+---------+-------+------+------+-----+
    |Total                          |                      |        0|     42|  8206| 12211|    0|
    +-------------------------------+----------------------+---------+-------+------+------+-----+

    * DSP48E: 
    N/A

    * Memory: 
    +-------+---------+---------+---+----+-----+------+-----+------+-------------+
    | Memory|  Module | BRAM_18K| FF| LUT| URAM| Words| Bits| Banks| W*Bits*Banks|
    +-------+---------+---------+---+----+-----+------+-----+------+-------------+
    |X_R_U  |fft_X_R  |        2|  0|   0|    0|  1024|   32|     1|        32768|
    |X_I_U  |fft_X_R  |        2|  0|   0|    0|  1024|   32|     1|        32768|
    +-------+---------+---------+---+----+-----+------+-----+------+-------------+
    |Total  |         |        4|  0|   0|    0|  2048|   64|     2|        65536|
    +-------+---------+---------+---+----+-----+------+-----+------+-------------+

    * FIFO: 
    N/A

    * Expression: 
    +----------------------------------+----------+-------+---+----+------------+------------+
    |           Variable Name          | Operation| DSP48E| FF| LUT| Bitwidth P0| Bitwidth P1|
    +----------------------------------+----------+-------+---+----+------------+------------+
    |i_7_fu_475_p2                     |     +    |      0|  0|  13|          11|           1|
    |i_9_fu_464_p2                     |     +    |      0|  0|  39|          32|          32|
    |i_fu_364_p2                       |     +    |      0|  0|  13|          11|           1|
    |i_lower_fu_447_p2                 |     +    |      0|  0|  39|          32|          32|
    |j_fu_419_p2                       |     +    |      0|  0|  14|          10|           1|
    |stage_fu_425_p2                   |     +    |      0|  0|  13|           4|           1|
    |icmp_ln140_fu_358_p2              |   icmp   |      0|  0|  13|          11|          12|
    |icmp_ln151_fu_380_p2              |   icmp   |      0|  0|   9|           4|           4|
    |icmp_ln159_fu_414_p2              |   icmp   |      0|  0|  13|          10|          10|
    |icmp_ln165_fu_441_p2              |   icmp   |      0|  0|  18|          22|           1|
    |icmp_ln178_fu_469_p2              |   icmp   |      0|  0|  13|          11|          12|
    |ap_block_state48_on_subcall_done  |    or    |      0|  0|   2|           1|           1|
    |DFTpts_fu_386_p2                  |    shl   |      0|  0|  25|           1|          11|
    +----------------------------------+----------+-------+---+----+------------+------------+
    |Total                             |          |      0|  0| 224|         160|         119|
    +----------------------------------+----------+-------+---+----+------------+------------+

    * Multiplexer: 
    +--------------------+-----+-----------+-----+-----------+
    |        Name        | LUT | Input Size| Bits| Total Bits|
    +--------------------+-----+-----------+-----+-----------+
    |X_I_address0        |   38|          7|   10|         70|
    |X_I_ce0             |   15|          3|    1|          3|
    |X_I_ce1             |    9|          2|    1|          2|
    |X_I_d0              |   27|          5|   32|        160|
    |X_I_we0             |   15|          3|    1|          3|
    |X_I_we1             |    9|          2|    1|          2|
    |X_R_address0        |   38|          7|   10|         70|
    |X_R_ce0             |   15|          3|    1|          3|
    |X_R_ce1             |    9|          2|    1|          2|
    |X_R_d0              |   27|          5|   32|        160|
    |X_R_we0             |   15|          3|    1|          3|
    |X_R_we1             |    9|          2|    1|          2|
    |ap_NS_fsm           |  337|         76|    1|         76|
    |grp_fu_296_opcode   |   15|          3|    2|          6|
    |grp_fu_296_p0       |   21|          4|   32|        128|
    |grp_fu_296_p1       |   21|          4|   32|        128|
    |grp_fu_301_opcode   |   15|          3|    2|          6|
    |grp_fu_301_p0       |   15|          3|   32|         96|
    |grp_fu_301_p1       |   15|          3|   32|         96|
    |i1_0_reg_192        |    9|          2|   11|         22|
    |i2_0_reg_247        |    9|          2|   11|         22|
    |i_0_reg_238         |    9|          2|   32|         64|
    |i_8_reg_215         |    9|          2|   10|         20|
    |p_x_assign_reg_226  |    9|          2|   32|         64|
    |stage_0_reg_203     |    9|          2|    4|          8|
    |x_M_imag_address0   |   15|          3|   10|         30|
    |x_M_real_address0   |   15|          3|   10|         30|
    +--------------------+-----+-----------+-----+-----------+
    |Total               |  749|        158|  345|       1276|
    +--------------------+-----+-----------+-----+-----------+

    * Register: 
    +--------------------------------------------+----+----+-----+-----------+
    |                    Name                    | FF | LUT| Bits| Const Bits|
    +--------------------------------------------+----+----+-----+-----------+
    |X_I_addr_2_reg_589                          |  10|   0|   10|          0|
    |X_I_addr_3_reg_599                          |  10|   0|   10|          0|
    |X_R_addr_2_reg_584                          |  10|   0|   10|          0|
    |X_R_addr_3_reg_594                          |  10|   0|   10|          0|
    |a_reg_576                                   |  32|   0|   32|          0|
    |ap_CS_fsm                                   |  75|   0|   75|          0|
    |c_reg_564                                   |  32|   0|   32|          0|
    |e_reg_541                                   |  32|   0|   32|          0|
    |grp_bit_reverse_fu_290_ap_start_reg         |   1|   0|    1|          0|
    |grp_sin_or_cos_float_s_fu_258_ap_start_reg  |   1|   0|    1|          0|
    |grp_sin_or_cos_float_s_fu_274_ap_start_reg  |   1|   0|    1|          0|
    |i1_0_reg_192                                |  11|   0|   11|          0|
    |i2_0_reg_247                                |  11|   0|   11|          0|
    |i_0_reg_238                                 |  32|   0|   32|          0|
    |i_7_reg_642                                 |  11|   0|   11|          0|
    |i_8_cast_reg_546                            |  10|   0|   32|         22|
    |i_8_reg_215                                 |  10|   0|   10|          0|
    |i_9_reg_604                                 |  32|   0|   32|          0|
    |i_reg_490                                   |  11|   0|   11|          0|
    |j_reg_554                                   |  10|   0|   10|          0|
    |numBF_reg_536                               |  10|   0|   32|         22|
    |p_x_assign_reg_226                          |  32|   0|   32|          0|
    |reg_332                                     |  32|   0|   32|          0|
    |reg_339                                     |  32|   0|   32|          0|
    |reg_346                                     |  32|   0|   32|          0|
    |reg_352                                     |  32|   0|   32|          0|
    |s_reg_570                                   |  32|   0|   32|          0|
    |stage_0_reg_203                             |   4|   0|    4|          0|
    |tmp_19_reg_609                              |  32|   0|   32|          0|
    |tmp_20_reg_614                              |  32|   0|   32|          0|
    |tmp_21_reg_619                              |  32|   0|   32|          0|
    |tmp_22_reg_624                              |  32|   0|   32|          0|
    |tmp_23_reg_629                              |  32|   0|   32|          0|
    |tmp_24_reg_634                              |  32|   0|   32|          0|
    |tmp_reg_526                                 |  64|   0|   64|          0|
    |tmp_s_reg_531                               |  64|   0|   64|          0|
    |trunc_ln_reg_520                            |  10|   0|   10|          0|
    |zext_ln141_reg_495                          |  11|   0|   64|         53|
    |zext_ln152_reg_514                          |  11|   0|   32|         21|
    |zext_ln179_reg_647                          |  11|   0|   64|         53|
    +--------------------------------------------+----+----+-----+-----------+
    |Total                                       | 921|   0| 1092|        171|
    +--------------------------------------------+----+----+-----+-----------+



================================================================
== Interface
================================================================
* Summary: 
+-------------------+-----+-----+------------+--------------+--------------+
|     RTL Ports     | Dir | Bits|  Protocol  | Source Object|    C Type    |
+-------------------+-----+-----+------------+--------------+--------------+
|ap_clk             |  in |    1| ap_ctrl_hs |      fft     | return value |
|ap_rst             |  in |    1| ap_ctrl_hs |      fft     | return value |
|ap_start           |  in |    1| ap_ctrl_hs |      fft     | return value |
|ap_done            | out |    1| ap_ctrl_hs |      fft     | return value |
|ap_idle            | out |    1| ap_ctrl_hs |      fft     | return value |
|ap_ready           | out |    1| ap_ctrl_hs |      fft     | return value |
|x_M_real_address0  | out |   10|  ap_memory |   x_M_real   |     array    |
|x_M_real_ce0       | out |    1|  ap_memory |   x_M_real   |     array    |
|x_M_real_we0       | out |    1|  ap_memory |   x_M_real   |     array    |
|x_M_real_d0        | out |   32|  ap_memory |   x_M_real   |     array    |
|x_M_real_q0        |  in |   32|  ap_memory |   x_M_real   |     array    |
|x_M_imag_address0  | out |   10|  ap_memory |   x_M_imag   |     array    |
|x_M_imag_ce0       | out |    1|  ap_memory |   x_M_imag   |     array    |
|x_M_imag_we0       | out |    1|  ap_memory |   x_M_imag   |     array    |
|x_M_imag_d0        | out |   32|  ap_memory |   x_M_imag   |     array    |
|x_M_imag_q0        |  in |   32|  ap_memory |   x_M_imag   |     array    |
+-------------------+-----+-----+------------+--------------+--------------+

