

================================================================
== Vivado HLS Report for 'sin_or_cos_double_s'
================================================================
* Date:           Wed Jul 29 20:31:42 2020

* Version:        2019.1 (Build 2552052 on Fri May 24 15:28:33 MDT 2019)
* Project:        DOA_Estimation_proj
* Solution:       solution1
* Product family: zynq
* Target device:  xc7z020-clg400-1


================================================================
== Performance Estimates
================================================================
+ Timing (ns): 
    * Summary: 
    +--------+-------+----------+------------+
    |  Clock | Target| Estimated| Uncertainty|
    +--------+-------+----------+------------+
    |ap_clk  |  10.00|     8.625|        1.25|
    +--------+-------+----------+------------+

+ Latency (clock cycles): 
    * Summary: 
    +-----+-----+-----+-----+---------+
    |  Latency  |  Interval | Pipeline|
    | min | max | min | max |   Type  |
    +-----+-----+-----+-----+---------+
    |   43|   51|   43|   51|   none  |
    +-----+-----+-----+-----+---------+

    + Detail: 
        * Instance: 
        +------------------------------+-------------------+-----+-----+-----+-----+---------+
        |                              |                   |  Latency  |  Interval | Pipeline|
        |           Instance           |       Module      | min | max | min | max |   Type  |
        +------------------------------+-------------------+-----+-----+-----+-----+---------+
        |grp_scaled_fixed2ieee_fu_268  |scaled_fixed2ieee  |   19|   27|   19|   27|   none  |
        +------------------------------+-------------------+-----+-----+-----+-----+---------+

        * Loop: 
        N/A



================================================================
== Utilization Estimates
================================================================
* Summary: 
+-----------------+---------+-------+--------+-------+-----+
|       Name      | BRAM_18K| DSP48E|   FF   |  LUT  | URAM|
+-----------------+---------+-------+--------+-------+-----+
|DSP              |        -|      -|       -|      -|    -|
|Expression       |        -|      2|      73|   2550|    -|
|FIFO             |        -|      -|       -|      -|    -|
|Instance         |        -|     86|    2983|   2786|    -|
|Memory           |        8|      -|     213|    852|    -|
|Multiplexer      |        -|      -|       -|    121|    -|
|Register         |        -|      -|    1616|      -|    -|
+-----------------+---------+-------+--------+-------+-----+
|Total            |        8|     88|    4885|   6309|    0|
+-----------------+---------+-------+--------+-------+-----+
|Available        |      280|    220|  106400|  53200|    0|
+-----------------+---------+-------+--------+-------+-----+
|Utilization (%)  |        2|     40|       4|     11|    0|
+-----------------+---------+-------+--------+-------+-----+

+ Detail: 
    * Instance: 
    +------------------------------+----------------------+---------+-------+-----+------+-----+
    |           Instance           |        Module        | BRAM_18K| DSP48E|  FF |  LUT | URAM|
    +------------------------------+----------------------+---------+-------+-----+------+-----+
    |music_mul_170ns_5KfY_U201     |music_mul_170ns_5KfY  |        0|     21|  441|   256|    0|
    |music_mul_42ns_33OgC_U208     |music_mul_42ns_33OgC  |        0|      4|  205|    88|    0|
    |music_mul_49ns_44Ngs_U207     |music_mul_49ns_44Ngs  |        0|      9|  233|    85|    0|
    |music_mul_49ns_49Lf8_U203     |music_mul_49ns_49Lf8  |        0|      9|  233|    85|    0|
    |music_mul_49ns_49Lf8_U204     |music_mul_49ns_49Lf8  |        0|      9|  233|    85|    0|
    |music_mul_49ns_49Lf8_U205     |music_mul_49ns_49Lf8  |        0|      9|  233|    85|    0|
    |music_mul_56ns_52Mgi_U206     |music_mul_56ns_52Mgi  |        0|      9|  176|   219|    0|
    |music_mul_64s_63nPgM_U209     |music_mul_64s_63nPgM  |        0|     16|  441|   256|    0|
    |music_mux_164_1_1_1_U210      |music_mux_164_1_1_1   |        0|      0|    0|    21|    0|
    |music_mux_164_1_1_1_U211      |music_mux_164_1_1_1   |        0|      0|    0|    21|    0|
    |music_mux_83_1_1_1_U202       |music_mux_83_1_1_1    |        0|      0|    0|    21|    0|
    |grp_scaled_fixed2ieee_fu_268  |scaled_fixed2ieee     |        0|      0|  788|  1564|    0|
    +------------------------------+----------------------+---------+-------+-----+------+-----+
    |Total                         |                      |        0|     86| 2983|  2786|    0|
    +------------------------------+----------------------+---------+-------+-----+------+-----+

    * DSP48E: 
    N/A

    * Memory: 
    +-------------------------+----------------------+---------+----+-----+-----+------+-----+------+-------------+
    |          Memory         |        Module        | BRAM_18K| FF | LUT | URAM| Words| Bits| Banks| W*Bits*Banks|
    +-------------------------+----------------------+---------+----+-----+-----+------+-----+------+-------------+
    |ref_4oPi_table_256_V_U   |sin_or_cos_doubleEe0  |        8|   0|    0|    0|    10|  256|     1|         2560|
    |fourth_order_double_4_U  |sin_or_cos_doubleFfa  |        0|  59|  236|    0|   256|   59|     1|        15104|
    |fourth_order_double_5_U  |sin_or_cos_doubleGfk  |        0|  52|  208|    0|   256|   52|     1|        13312|
    |fourth_order_double_6_U  |sin_or_cos_doubleHfu  |        0|  44|  176|    0|   256|   44|     1|        11264|
    |fourth_order_double_7_U  |sin_or_cos_doubleIfE  |        0|  33|  132|    0|   256|   33|     1|         8448|
    |fourth_order_double_s_U  |sin_or_cos_doubleJfO  |        0|  25|  100|    0|   256|   25|     1|         6400|
    +-------------------------+----------------------+---------+----+-----+-----+------+-----+------+-------------+
    |Total                    |                      |        8| 213|  852|    0|  1290|  469|     6|        57088|
    +-------------------------+----------------------+---------+----+-----+-----+------+-----+------+-------------+

    * FIFO: 
    N/A

    * Expression: 
    +---------------------------+----------+-------+----+-----+------------+------------+
    |       Variable Name       | Operation| DSP48E| FF | LUT | Bitwidth P0| Bitwidth P1|
    +---------------------------+----------+-------+----+-----+------------+------------+
    |r_V_40_fu_762_p2           |     *    |      2|   0|   24|          35|          25|
    |add_ln114_2_fu_306_p2      |     +    |      0|   0|   13|          11|          11|
    |add_ln114_fu_472_p2        |     +    |      0|   0|   13|          11|          11|
    |ret_V_17_fu_832_p2         |     +    |      0|   0|   15|          64|          64|
    |ret_V_22_fu_785_p2         |     +    |      0|   0|   15|          64|          64|
    |ret_V_23_fu_794_p2         |     +    |      0|   0|   15|          64|          64|
    |ret_V_24_fu_824_p2         |     +    |      0|   0|   15|          64|          64|
    |Ex_V_fu_505_p2             |     -    |      0|   0|   13|          11|          11|
    |Mx_bits_V_2_fu_413_p2      |     -    |      0|   0|  131|           1|         124|
    |ret_V_fu_878_p2            |     -    |      0|   0|   12|           1|          12|
    |sub_ln1311_fu_532_p2       |     -    |      0|   0|   12|           1|          12|
    |and_ln300_2_fu_1044_p2     |    and   |      0|   0|    2|           1|           1|
    |and_ln300_fu_1000_p2       |    and   |      0|   0|    2|           1|           1|
    |and_ln307_fu_1075_p2       |    and   |      0|   0|    2|           1|           1|
    |tmp_i_i_fu_460_p3          |   cttz   |      0|  73|   71|          64|           0|
    |closepath_fu_300_p2        |   icmp   |      0|   0|   13|          11|          10|
    |icmp_ln833_3_fu_378_p2     |   icmp   |      0|   0|   29|          52|           1|
    |icmp_ln833_4_fu_524_p2     |   icmp   |      0|   0|   13|          11|           2|
    |icmp_ln833_fu_519_p2       |   icmp   |      0|   0|   13|          11|           1|
    |r_V_fu_553_p2              |   lshr   |      0|   0|  180|          63|          63|
    |or_ln300_fu_1062_p2        |    or    |      0|   0|    2|           1|           1|
    |or_ln311_fu_1016_p2        |    or    |      0|   0|    2|           1|           1|
    |addr_V_fu_312_p3           |  select  |      0|   0|   11|           1|           7|
    |cos_basis_fu_815_p3        |  select  |      0|   0|    2|           1|           1|
    |p_Repl2_6_fu_1079_p3       |  select  |      0|   0|    2|           1|           1|
    |p_Val2_33_fu_418_p3        |  select  |      0|   0|  124|           1|         124|
    |p_Val2_58_fu_403_p3        |  select  |      0|   0|    3|           1|           1|
    |r_V_33_fu_563_p3           |  select  |      0|   0|   63|           1|          63|
    |ret_V_18_fu_1036_p3        |  select  |      0|   0|   11|           1|          11|
    |ret_V_19_fu_1067_p3        |  select  |      0|   0|   52|           1|          52|
    |select_ln271_fu_993_p3     |  select  |      0|   0|    2|           1|           1|
    |select_ln272_2_fu_838_p3   |  select  |      0|   0|   63|           1|           2|
    |select_ln272_fu_857_p3     |  select  |      0|   0|   11|           1|           1|
    |select_ln300_5_fu_1054_p3  |  select  |      0|   0|    2|           1|           2|
    |select_ln307_fu_1004_p3    |  select  |      0|   0|   10|           1|          10|
    |select_ln311_2_fu_1029_p3  |  select  |      0|   0|   11|           1|           2|
    |select_ln311_fu_1021_p3    |  select  |      0|   0|    2|           1|           1|
    |select_ln482_fu_477_p3     |  select  |      0|   0|   11|           1|          11|
    |ush_fu_538_p3              |  select  |      0|   0|   12|           1|          12|
    |r_V_17_fu_558_p2           |    shl   |      0|   0|  180|          63|          63|
    |r_V_31_fu_342_p2           |    shl   |      0|   0|  950|         256|         256|
    |r_V_32_fu_487_p2           |    shl   |      0|   0|  411|         124|         124|
    |sin_basis_fu_630_p2        |    xor   |      0|   0|    2|           1|           1|
    |xor_ln271_fu_810_p2        |    xor   |      0|   0|    2|           1|           2|
    |xor_ln29_fu_624_p2         |    xor   |      0|   0|    2|           1|           2|
    |xor_ln300_fu_1048_p2       |    xor   |      0|   0|    2|           2|           1|
    |xor_ln311_fu_1011_p2       |    xor   |      0|   0|    2|           1|           2|
    +---------------------------+----------+-------+----+-----+------------+------------+
    |Total                      |          |      2|  73| 2550|        1010|        1297|
    +---------------------------+----------+-------+----+-----+------------+------------+

    * Multiplexer: 
    +-----------+-----+-----------+-----+-----------+
    |    Name   | LUT | Input Size| Bits| Total Bits|
    +-----------+-----+-----------+-----+-----------+
    |ap_NS_fsm  |  121|         26|    1|         26|
    +-----------+-----+-----------+-----+-----------+
    |Total      |  121|         26|    1|         26|
    +-----------+-----+-----------+-----+-----------+

    * Register: 
    +-------------------------------------------+-----+----+-----+-----------+
    |                    Name                   |  FF | LUT| Bits| Const Bits|
    +-------------------------------------------+-----+----+-----+-----------+
    |B_V_reg_1224                               |   56|   0|   56|          0|
    |B_fourth_power_V_reg_1338                  |   35|   0|   35|          0|
    |B_squared_V_reg_1275                       |   49|   0|   49|          0|
    |B_third_power_V_reg_1333                   |   42|   0|   42|          0|
    |B_trunc_V_reg_1229                         |   49|   0|   49|          0|
    |Ex_V_reg_1193                              |   11|   0|   11|          0|
    |Mx_V_reg_1186                              |   63|   0|   63|          0|
    |Mx_zeros_V_reg_1180                        |    6|   0|    6|          0|
    |and_ln300_reg_1425                         |    1|   0|    1|          0|
    |ap_CS_fsm                                  |   25|   0|   25|          0|
    |closepath_reg_1116                         |    1|   0|    1|          0|
    |cos_basis_reg_1393                         |    1|   0|    1|          0|
    |fourth_order_double_10_reg_1281            |   52|   0|   52|          0|
    |fourth_order_double_12_reg_1286            |   44|   0|   44|          0|
    |fourth_order_double_14_reg_1358            |   33|   0|   33|          0|
    |fourth_order_double_16_reg_1363            |   25|   0|   25|          0|
    |grp_scaled_fixed2ieee_fu_268_ap_start_reg  |    1|   0|    1|          0|
    |icmp_ln833_3_reg_1147                      |    1|   0|    1|          0|
    |icmp_ln833_4_reg_1211                      |    1|   0|    1|          0|
    |icmp_ln833_reg_1205                        |    1|   0|    1|          0|
    |isNeg_reg_1199                             |    1|   0|    1|          0|
    |p_Result_i_i_60_reg_1175                   |   61|   0|   61|          0|
    |p_Result_i_reg_1219                        |    7|   0|    7|          0|
    |p_Result_s_reg_1097                        |    1|   0|    1|          0|
    |p_Val2_33_reg_1170                         |  124|   0|  124|          0|
    |p_Val2_42_reg_1343                         |   59|   0|   59|          0|
    |p_Val2_57_reg_1153                         |  124|   0|  124|          0|
    |p_Val2_58_reg_1164                         |    3|   0|    3|          0|
    |r_V_19_reg_1246                            |   49|   0|   98|         49|
    |result_V_reg_1415                          |   63|   0|   63|          0|
    |ret_V_17_reg_1400                          |   64|   0|   64|          0|
    |ret_V_18_reg_1435                          |   11|   0|   11|          0|
    |ret_V_19_reg_1440                          |   52|   0|   52|          0|
    |ret_V_20_reg_1132                          |  170|   0|  170|          0|
    |ret_V_23_reg_1383                          |   64|   0|   64|          0|
    |ret_V_reg_1420                             |   12|   0|   12|          0|
    |select_ln311_reg_1430                      |    1|   0|    1|          0|
    |tmp_2_reg_1388                             |   37|   0|   37|          0|
    |tmp_3_reg_1378                             |   29|   0|   29|          0|
    |tmp_V_4_reg_1110                           |   52|   0|   52|          0|
    |tmp_V_reg_1103                             |   11|   0|   11|          0|
    |tmp_reg_1240                               |    1|   0|    1|          0|
    |trunc_ln5_reg_1348                         |   56|   0|   56|          0|
    |trunc_ln601_reg_1127                       |    7|   0|    7|          0|
    |trunc_ln662_4_reg_1353                     |   48|   0|   48|          0|
    |trunc_ln_i_reg_1159                        |    3|   0|    3|          0|
    |xor_ln29_reg_1253                          |    1|   0|    1|          0|
    |zext_ln498_reg_1258                        |    8|   0|   64|         56|
    +-------------------------------------------+-----+----+-----+-----------+
    |Total                                      | 1616|   0| 1721|        105|
    +-------------------------------------------+-----+----+-----+-----------+



================================================================
== Interface
================================================================
* Summary: 
+-----------+-----+-----+------------+--------------------+--------------+
| RTL Ports | Dir | Bits|  Protocol  |    Source Object   |    C Type    |
+-----------+-----+-----+------------+--------------------+--------------+
|ap_clk     |  in |    1| ap_ctrl_hs | sin_or_cos<double> | return value |
|ap_rst     |  in |    1| ap_ctrl_hs | sin_or_cos<double> | return value |
|ap_start   |  in |    1| ap_ctrl_hs | sin_or_cos<double> | return value |
|ap_done    | out |    1| ap_ctrl_hs | sin_or_cos<double> | return value |
|ap_idle    | out |    1| ap_ctrl_hs | sin_or_cos<double> | return value |
|ap_ready   | out |    1| ap_ctrl_hs | sin_or_cos<double> | return value |
|ap_return  | out |   64| ap_ctrl_hs | sin_or_cos<double> | return value |
|t_in       |  in |   64|   ap_none  |        t_in        |    scalar    |
|do_cos     |  in |    1|   ap_none  |       do_cos       |    scalar    |
+-----------+-----+-----+------------+--------------------+--------------+

