

================================================================
== Vivado HLS Report for 'sort_eigval'
================================================================
* Date:           Wed Jul 29 20:31:40 2020

* Version:        2019.1 (Build 2552052 on Fri May 24 15:28:33 MDT 2019)
* Project:        DOA_Estimation_proj
* Solution:       solution1
* Product family: zynq
* Target device:  xc7z020-clg400-1


================================================================
== Performance Estimates
================================================================
+ Timing (ns): 
    * Summary: 
    +--------+-------+----------+------------+
    |  Clock | Target| Estimated| Uncertainty|
    +--------+-------+----------+------------+
    |ap_clk  |  10.00|     7.107|        1.25|
    +--------+-------+----------+------------+

+ Latency (clock cycles): 
    * Summary: 
    +-----+-----+-----+-----+---------+
    |  Latency  |  Interval | Pipeline|
    | min | max | min | max |   Type  |
    +-----+-----+-----+-----+---------+
    |   24|   42|   24|   42|   none  |
    +-----+-----+-----+-----+---------+

    + Detail: 
        * Instance: 
        N/A

        * Loop: 
        +-------------+-----+-----+----------+-----------+-----------+-------+----------+
        |             |  Latency  | Iteration|  Initiation Interval  |  Trip |          |
        |  Loop Name  | min | max |  Latency |  achieved |   target  | Count | Pipelined|
        +-------------+-----+-----+----------+-----------+-----------+-------+----------+
        |- Loop 1     |    4|    4|         1|          -|          -|      4|    no    |
        |- Loop 2     |   18|   36|  6 ~ 12  |          -|          -|      3|    no    |
        | + Loop 2.1  |    3|    9|         3|          -|          -| 1 ~ 3 |    no    |
        +-------------+-----+-----+----------+-----------+-----------+-------+----------+



================================================================
== Utilization Estimates
================================================================
* Summary: 
+-----------------+---------+-------+--------+-------+-----+
|       Name      | BRAM_18K| DSP48E|   FF   |  LUT  | URAM|
+-----------------+---------+-------+--------+-------+-----+
|DSP              |        -|      -|       -|      -|    -|
|Expression       |        -|      -|       0|    204|    -|
|FIFO             |        -|      -|       -|      -|    -|
|Instance         |        -|      0|      66|    575|    -|
|Memory           |        -|      -|       -|      -|    -|
|Multiplexer      |        -|      -|       -|    200|    -|
|Register         |        -|      -|     628|      -|    -|
+-----------------+---------+-------+--------+-------+-----+
|Total            |        0|      0|     694|    979|    0|
+-----------------+---------+-------+--------+-------+-----+
|Available        |      280|    220|  106400|  53200|    0|
+-----------------+---------+-------+--------+-------+-----+
|Utilization (%)  |        0|      0|   ~0   |      1|    0|
+-----------------+---------+-------+--------+-------+-----+

+ Detail: 
    * Instance: 
    +---------------------------+----------------------+---------+-------+----+-----+-----+
    |          Instance         |        Module        | BRAM_18K| DSP48E| FF | LUT | URAM|
    +---------------------------+----------------------+---------+-------+----+-----+-----+
    |music_fcmp_32ns_3pcA_U172  |music_fcmp_32ns_3pcA  |        0|      0|  66|  239|    0|
    |music_mux_42_32_1_1_U173   |music_mux_42_32_1_1   |        0|      0|   0|   21|    0|
    |music_mux_42_32_1_1_U174   |music_mux_42_32_1_1   |        0|      0|   0|   21|    0|
    |music_mux_42_32_1_1_U175   |music_mux_42_32_1_1   |        0|      0|   0|   21|    0|
    |music_mux_42_32_1_1_U176   |music_mux_42_32_1_1   |        0|      0|   0|   21|    0|
    |music_mux_42_32_1_1_U177   |music_mux_42_32_1_1   |        0|      0|   0|   21|    0|
    |music_mux_42_32_1_1_U178   |music_mux_42_32_1_1   |        0|      0|   0|   21|    0|
    |music_mux_42_32_1_1_U179   |music_mux_42_32_1_1   |        0|      0|   0|   21|    0|
    |music_mux_42_32_1_1_U180   |music_mux_42_32_1_1   |        0|      0|   0|   21|    0|
    |music_mux_42_32_1_1_U181   |music_mux_42_32_1_1   |        0|      0|   0|   21|    0|
    |music_mux_42_32_1_1_U182   |music_mux_42_32_1_1   |        0|      0|   0|   21|    0|
    |music_mux_42_32_1_1_U183   |music_mux_42_32_1_1   |        0|      0|   0|   21|    0|
    |music_mux_42_32_1_1_U184   |music_mux_42_32_1_1   |        0|      0|   0|   21|    0|
    |music_mux_42_32_1_1_U185   |music_mux_42_32_1_1   |        0|      0|   0|   21|    0|
    |music_mux_42_32_1_1_U186   |music_mux_42_32_1_1   |        0|      0|   0|   21|    0|
    |music_mux_42_32_1_1_U187   |music_mux_42_32_1_1   |        0|      0|   0|   21|    0|
    |music_mux_42_32_1_1_U188   |music_mux_42_32_1_1   |        0|      0|   0|   21|    0|
    +---------------------------+----------------------+---------+-------+----+-----+-----+
    |Total                      |                      |        0|      0|  66|  575|    0|
    +---------------------------+----------------------+---------+-------+----+-----+-----+

    * DSP48E: 
    N/A

    * Memory: 
    N/A

    * FIFO: 
    N/A

    * Expression: 
    +-----------------------+----------+-------+---+----+------------+------------+
    |     Variable Name     | Operation| DSP48E| FF| LUT| Bitwidth P0| Bitwidth P1|
    +-----------------------+----------+-------+---+----+------------+------------+
    |i_1_fu_340_p2          |     +    |      0|  0|  10|           2|           1|
    |i_fu_264_p2            |     +    |      0|  0|  12|           3|           1|
    |j_2_fu_374_p2          |     +    |      0|  0|  39|           1|          32|
    |tmp_2_fu_424_p5        |     +    |      0|  0|  10|           1|           2|
    |and_ln79_1_fu_542_p2   |    and   |      0|  0|   2|           1|           1|
    |and_ln79_fu_536_p2     |    and   |      0|  0|   2|           1|           1|
    |icmp_ln73_fu_258_p2    |   icmp   |      0|  0|   9|           3|           4|
    |icmp_ln76_fu_334_p2    |   icmp   |      0|  0|   8|           2|           2|
    |icmp_ln78_fu_380_p2    |   icmp   |      0|  0|  18|          32|           2|
    |icmp_ln79_1_fu_510_p2  |   icmp   |      0|  0|  18|          23|           1|
    |icmp_ln79_2_fu_516_p2  |   icmp   |      0|  0|  11|           8|           2|
    |icmp_ln79_3_fu_522_p2  |   icmp   |      0|  0|  18|          23|           1|
    |icmp_ln79_fu_504_p2    |   icmp   |      0|  0|  11|           8|           2|
    |or_ln79_1_fu_532_p2    |    or    |      0|  0|   2|           1|           1|
    |or_ln79_fu_528_p2      |    or    |      0|  0|   2|           1|           1|
    |j_fu_548_p3            |  select  |      0|  0|  32|           1|          32|
    +-----------------------+----------+-------+---+----+------------+------------+
    |Total                  |          |      0|  0| 204|         111|          86|
    +-----------------------+----------+-------+---+----+------------+------------+

    * Multiplexer: 
    +------------------------+----+-----------+-----+-----------+
    |          Name          | LUT| Input Size| Bits| Total Bits|
    +------------------------+----+-----------+-----+-----------+
    |ap_NS_fsm               |  41|          8|    1|          8|
    |ap_return_0             |   9|          2|   32|         64|
    |ap_return_1             |   9|          2|   32|         64|
    |ap_return_2             |   9|          2|   32|         64|
    |ap_return_3             |   9|          2|   32|         64|
    |flag_0_reg_217          |   9|          2|   32|         64|
    |flag_reg_205            |   9|          2|    2|          4|
    |i_0_reg_150             |   9|          2|    3|          6|
    |j_0_in_reg_227          |   9|          2|   32|         64|
    |phi_ln85_reg_236        |  15|          3|   32|         96|
    |sort_index_0_0_reg_110  |   9|          2|   32|         64|
    |sort_index_0_2_reg_161  |   9|          2|   32|         64|
    |sort_index_1_0_reg_120  |   9|          2|   32|         64|
    |sort_index_1_2_reg_172  |   9|          2|   32|         64|
    |sort_index_2_0_reg_130  |   9|          2|   32|         64|
    |sort_index_2_2_reg_183  |   9|          2|   32|         64|
    |sort_index_3_0_reg_140  |   9|          2|   32|         64|
    |sort_index_3_2_reg_194  |   9|          2|   32|         64|
    +------------------------+----+-----------+-----+-----------+
    |Total                   | 200|         43|  486|       1010|
    +------------------------+----+-----------+-----+-----------+

    * Register: 
    +------------------------+----+----+-----+-----------+
    |          Name          | FF | LUT| Bits| Const Bits|
    +------------------------+----+----+-----+-----------+
    |ap_CS_fsm               |   7|   0|    7|          0|
    |ap_return_0_preg        |  32|   0|   32|          0|
    |ap_return_1_preg        |  32|   0|   32|          0|
    |ap_return_2_preg        |  32|   0|   32|          0|
    |ap_return_3_preg        |  32|   0|   32|          0|
    |flag_0_reg_217          |  32|   0|   32|          0|
    |flag_reg_205            |   2|   0|    2|          0|
    |i_0_reg_150             |   3|   0|    3|          0|
    |i_1_reg_726             |   2|   0|    2|          0|
    |icmp_ln79_1_reg_773     |   1|   0|    1|          0|
    |icmp_ln79_2_reg_778     |   1|   0|    1|          0|
    |icmp_ln79_3_reg_783     |   1|   0|    1|          0|
    |icmp_ln79_reg_768       |   1|   0|    1|          0|
    |j_0_in_reg_227          |  32|   0|   32|          0|
    |j_2_reg_731             |  32|   0|   32|          0|
    |phi_ln85_reg_236        |  32|   0|   32|          0|
    |sort_index_0_0_reg_110  |  32|   0|   32|          0|
    |sort_index_0_2_reg_161  |  32|   0|   32|          0|
    |sort_index_1_0_reg_120  |  32|   0|   32|          0|
    |sort_index_1_2_reg_172  |  32|   0|   32|          0|
    |sort_index_2_0_reg_130  |  32|   0|   32|          0|
    |sort_index_2_2_reg_183  |  32|   0|   32|          0|
    |sort_index_3_0_reg_140  |  32|   0|   32|          0|
    |sort_index_3_2_reg_194  |  32|   0|   32|          0|
    |temp_reg_760            |  32|   0|   32|          0|
    |tmp_1_reg_740           |  32|   0|   32|          0|
    |tmp_3_reg_746           |  32|   0|   32|          0|
    |trunc_ln84_reg_752      |   2|   0|    2|          0|
    +------------------------+----+----+-----+-----------+
    |Total                   | 628|   0|  628|          0|
    +------------------------+----+----+-----+-----------+



================================================================
== Interface
================================================================
* Summary: 
+-------------------+-----+-----+------------+-------------------+--------------+
|     RTL Ports     | Dir | Bits|  Protocol  |   Source Object   |    C Type    |
+-------------------+-----+-----+------------+-------------------+--------------+
|ap_clk             |  in |    1| ap_ctrl_hs |    sort_eigval    | return value |
|ap_rst             |  in |    1| ap_ctrl_hs |    sort_eigval    | return value |
|ap_start           |  in |    1| ap_ctrl_hs |    sort_eigval    | return value |
|ap_done            | out |    1| ap_ctrl_hs |    sort_eigval    | return value |
|ap_idle            | out |    1| ap_ctrl_hs |    sort_eigval    | return value |
|ap_ready           | out |    1| ap_ctrl_hs |    sort_eigval    | return value |
|ap_return_0        | out |   32| ap_ctrl_hs |    sort_eigval    | return value |
|ap_return_1        | out |   32| ap_ctrl_hs |    sort_eigval    | return value |
|ap_return_2        | out |   32| ap_ctrl_hs |    sort_eigval    | return value |
|ap_return_3        | out |   32| ap_ctrl_hs |    sort_eigval    | return value |
|eigval_0_read      |  in |   32|   ap_none  |   eigval_0_read   |    scalar    |
|eigval_1_read      |  in |   32|   ap_none  |   eigval_1_read   |    scalar    |
|eigval_2_read      |  in |   32|   ap_none  |   eigval_2_read   |    scalar    |
|eigval_3_read      |  in |   32|   ap_none  |   eigval_3_read   |    scalar    |
|sort_index_0_read  |  in |   32|   ap_none  | sort_index_0_read |    scalar    |
|sort_index_1_read  |  in |   32|   ap_none  | sort_index_1_read |    scalar    |
|sort_index_2_read  |  in |   32|   ap_none  | sort_index_2_read |    scalar    |
|sort_index_3_read  |  in |   32|   ap_none  | sort_index_3_read |    scalar    |
+-------------------+-----+-----+------------+-------------------+--------------+

