

================================================================
== Vivado HLS Report for 'sin_or_cos_float_s'
================================================================
* Date:           Wed Jul 29 20:31:04 2020

* Version:        2019.1 (Build 2552052 on Fri May 24 15:28:33 MDT 2019)
* Project:        DOA_Estimation_proj
* Solution:       solution1
* Product family: zynq
* Target device:  xc7z020-clg400-1


================================================================
== Performance Estimates
================================================================
+ Timing (ns): 
    * Summary: 
    +--------+-------+----------+------------+
    |  Clock | Target| Estimated| Uncertainty|
    +--------+-------+----------+------------+
    |ap_clk  |  10.00|     8.665|        1.25|
    +--------+-------+----------+------------+

+ Latency (clock cycles): 
    * Summary: 
    +-----+-----+-----+-----+---------+
    |  Latency  |  Interval | Pipeline|
    | min | max | min | max |   Type  |
    +-----+-----+-----+-----+---------+
    |   21|   25|   21|   25|   none  |
    +-----+-----+-----+-----+---------+

    + Detail: 
        * Instance: 
        N/A

        * Loop: 
        N/A

============================================================
+ Verbose Summary: Synthesis Manager
============================================================
InlineROM: 1
ExposeGlobal: 0
============================================================
+ Verbose Summary: CDFG Model
============================================================
IsTopModel: 0
ResetActiveHigh: 1
IsCombinational: 0
IsDatapathOnly: 0
HasWiredReturn: 1
HasMFsm: 0
HasVarLatency: 1
IsPipeline: 0
IsRtlPipelined: 0
IsInstanceOverlapped: 0
IsDontTouch: 0
HasImplIP: 0
IsGatedGlobalClock: 0


============================================================
+ Verbose Summary: Schedule
============================================================
* Number of FSM states : 16
* Pipeline : 0
* Dataflow Pipeline: 0

* FSM state transitions: 
1 --> 2 
2 --> 3 
3 --> 4 
4 --> 5 
5 --> 6 
6 --> 7 
7 --> 8 
8 --> 9 
9 --> 10 
10 --> 11 
11 --> 12 
12 --> 13 
13 --> 14 
14 --> 15 
15 --> 16 
16 --> 

* FSM state operations: 

State 1 <SV = 0> <Delay = 6.41>
ST_1 : Operation 17 [1/1] (0.00ns)   --->   "%t_in_read = call float @_ssdm_op_Read.ap_auto.float(float %t_in) nounwind" [r:/builds/2019.1/continuous/2019_05_24_2552052/src/products/hls/hls_lib/hlsmath/include/FloatingPoint\hls_hotbm.h:238]   --->   Operation 17 'read' 't_in_read' <Predicate = true> <Delay = 0.00>
ST_1 : Operation 18 [1/1] (0.00ns)   --->   "%p_Val2_s = bitcast float %t_in_read to i32" [r:/builds/2019.1/continuous/2019_05_24_2552052/src/products/hls/hls_lib/src/hls\utils/x_hls_utils.h:310->r:/builds/2019.1/continuous/2019_05_24_2552052/src/products/hls/hls_lib/src/hls\utils/x_hls_utils.h:319->r:/builds/2019.1/continuous/2019_05_24_2552052/src/products/hls/hls_lib/hlsmath/include/FloatingPoint\hls_hotbm.h:252]   --->   Operation 18 'bitcast' 'p_Val2_s' <Predicate = true> <Delay = 0.00>
ST_1 : Operation 19 [1/1] (0.00ns)   --->   "%p_Result_s = call i1 @_ssdm_op_BitSelect.i1.i32.i32(i32 %p_Val2_s, i32 31)" [r:/builds/2019.1/continuous/2019_05_24_2552052/src/products/hls/hls_lib/src/hls\utils/x_hls_utils.h:316->r:/builds/2019.1/continuous/2019_05_24_2552052/src/products/hls/hls_lib/src/hls\utils/x_hls_utils.h:319->r:/builds/2019.1/continuous/2019_05_24_2552052/src/products/hls/hls_lib/hlsmath/include/FloatingPoint\hls_hotbm.h:252]   --->   Operation 19 'bitselect' 'p_Result_s' <Predicate = true> <Delay = 0.00>
ST_1 : Operation 20 [1/1] (0.00ns)   --->   "%tmp_V = call i8 @_ssdm_op_PartSelect.i8.i32.i32.i32(i32 %p_Val2_s, i32 23, i32 30)" [r:/builds/2019.1/continuous/2019_05_24_2552052/src/products/hls/hls_lib/src/hls\utils/x_hls_utils.h:317->r:/builds/2019.1/continuous/2019_05_24_2552052/src/products/hls/hls_lib/src/hls\utils/x_hls_utils.h:319->r:/builds/2019.1/continuous/2019_05_24_2552052/src/products/hls/hls_lib/hlsmath/include/FloatingPoint\hls_hotbm.h:252]   --->   Operation 20 'partselect' 'tmp_V' <Predicate = true> <Delay = 0.00>
ST_1 : Operation 21 [1/1] (0.00ns)   --->   "%tmp_V_1 = trunc i32 %p_Val2_s to i23" [r:/builds/2019.1/continuous/2019_05_24_2552052/src/products/hls/hls_lib/src/hls\utils/x_hls_utils.h:318->r:/builds/2019.1/continuous/2019_05_24_2552052/src/products/hls/hls_lib/src/hls\utils/x_hls_utils.h:319->r:/builds/2019.1/continuous/2019_05_24_2552052/src/products/hls/hls_lib/hlsmath/include/FloatingPoint\hls_hotbm.h:252]   --->   Operation 21 'trunc' 'tmp_V_1' <Predicate = true> <Delay = 0.00>
ST_1 : Operation 22 [1/1] (1.55ns)   --->   "%closepath = icmp ult i8 %tmp_V, 126" [r:/builds/2019.1/continuous/2019_05_24_2552052/src/products/hls/hls_lib/hlsmath/include/FloatingPoint/hls_range_redux.h:480->r:/builds/2019.1/continuous/2019_05_24_2552052/src/products/hls/hls_lib/hlsmath/include/FloatingPoint\hls_hotbm.h:268]   --->   Operation 22 'icmp' 'closepath' <Predicate = true> <Delay = 1.55> <Core = "Cmp">   --->   Core 25 'Cmp' <Latency = 0> <II = 1> <Delay = 1.55> <FuncUnit> <Opcode : 'icmp'> <InPorts = 2> <OutPorts = 1>
ST_1 : Operation 23 [1/1] (1.91ns)   --->   "%add_ln114_1 = add i8 -62, %tmp_V" [r:/builds/2019.1/continuous/2019_05_24_2552052/src/products/hls/hls_lib/hlsmath/include/FloatingPoint/hls_range_redux.h:405->r:/builds/2019.1/continuous/2019_05_24_2552052/src/products/hls/hls_lib/hlsmath/include/FloatingPoint/hls_range_redux.h:496->r:/builds/2019.1/continuous/2019_05_24_2552052/src/products/hls/hls_lib/hlsmath/include/FloatingPoint\hls_hotbm.h:268]   --->   Operation 23 'add' 'add_ln114_1' <Predicate = true> <Delay = 1.91> <Core = "AddSub">   --->   Core 14 'AddSub' <Latency = 0> <II = 1> <Delay = 1.91> <FuncUnit> <Opcode : 'add' 'sub'> <InPorts = 2> <OutPorts = 1>
ST_1 : Operation 24 [1/1] (1.24ns)   --->   "%addr_V = select i1 %closepath, i8 63, i8 %add_ln114_1" [r:/builds/2019.1/continuous/2019_05_24_2552052/src/products/hls/hls_lib/hlsmath/include/FloatingPoint/hls_range_redux.h:405->r:/builds/2019.1/continuous/2019_05_24_2552052/src/products/hls/hls_lib/hlsmath/include/FloatingPoint/hls_range_redux.h:496->r:/builds/2019.1/continuous/2019_05_24_2552052/src/products/hls/hls_lib/hlsmath/include/FloatingPoint\hls_hotbm.h:268]   --->   Operation 24 'select' 'addr_V' <Predicate = true> <Delay = 1.24> <Core = "Sel">   --->   Core 26 'Sel' <Latency = 0> <II = 1> <Delay = 0.69> <FuncUnit> <Opcode : 'select'> <InPorts = 3> <OutPorts = 1>
ST_1 : Operation 25 [1/1] (0.00ns)   --->   "%tmp_1 = call i4 @_ssdm_op_PartSelect.i4.i8.i32.i32(i8 %addr_V, i32 4, i32 7)" [r:/builds/2019.1/continuous/2019_05_24_2552052/src/products/hls/hls_lib/hlsmath/include/FloatingPoint/hls_range_redux.h:407->r:/builds/2019.1/continuous/2019_05_24_2552052/src/products/hls/hls_lib/hlsmath/include/FloatingPoint/hls_range_redux.h:496->r:/builds/2019.1/continuous/2019_05_24_2552052/src/products/hls/hls_lib/hlsmath/include/FloatingPoint\hls_hotbm.h:268]   --->   Operation 25 'partselect' 'tmp_1' <Predicate = true> <Delay = 0.00>
ST_1 : Operation 26 [1/1] (0.00ns)   --->   "%zext_ln498_1 = zext i4 %tmp_1 to i64" [r:/builds/2019.1/continuous/2019_05_24_2552052/src/products/hls/hls_lib/hlsmath/include/FloatingPoint/hls_range_redux.h:407->r:/builds/2019.1/continuous/2019_05_24_2552052/src/products/hls/hls_lib/hlsmath/include/FloatingPoint/hls_range_redux.h:496->r:/builds/2019.1/continuous/2019_05_24_2552052/src/products/hls/hls_lib/hlsmath/include/FloatingPoint\hls_hotbm.h:268]   --->   Operation 26 'zext' 'zext_ln498_1' <Predicate = true> <Delay = 0.00>
ST_1 : Operation 27 [1/1] (0.00ns)   --->   "%ref_4oPi_table_100_V_1 = getelementptr [13 x i100]* @ref_4oPi_table_100_V, i64 0, i64 %zext_ln498_1" [r:/builds/2019.1/continuous/2019_05_24_2552052/src/products/hls/hls_lib/hlsmath/include/FloatingPoint/hls_range_redux.h:407->r:/builds/2019.1/continuous/2019_05_24_2552052/src/products/hls/hls_lib/hlsmath/include/FloatingPoint/hls_range_redux.h:496->r:/builds/2019.1/continuous/2019_05_24_2552052/src/products/hls/hls_lib/hlsmath/include/FloatingPoint\hls_hotbm.h:268]   --->   Operation 27 'getelementptr' 'ref_4oPi_table_100_V_1' <Predicate = true> <Delay = 0.00>
ST_1 : Operation 28 [2/2] (3.25ns)   --->   "%table_100_V = load i100* %ref_4oPi_table_100_V_1, align 16" [r:/builds/2019.1/continuous/2019_05_24_2552052/src/products/hls/hls_lib/hlsmath/include/FloatingPoint/hls_range_redux.h:407->r:/builds/2019.1/continuous/2019_05_24_2552052/src/products/hls/hls_lib/hlsmath/include/FloatingPoint/hls_range_redux.h:496->r:/builds/2019.1/continuous/2019_05_24_2552052/src/products/hls/hls_lib/hlsmath/include/FloatingPoint\hls_hotbm.h:268]   --->   Operation 28 'load' 'table_100_V' <Predicate = true> <Delay = 3.25> <Core = "ROM_1P_LUTRAM">   --->   Core 60 'ROM_1P_LUTRAM' <Latency = 1> <II = 1> <Delay = 3.25> <Storage> <Opcode : 'load'> <Ports = 1> <Width = 15> <Depth = 256> <ROM>
ST_1 : Operation 29 [1/1] (0.00ns)   --->   "%trunc_ln601 = trunc i8 %addr_V to i4" [r:/builds/2019.1/continuous/2019_05_24_2552052/src/products/hls/hls_lib/hlsmath/include/FloatingPoint/hls_range_redux.h:408->r:/builds/2019.1/continuous/2019_05_24_2552052/src/products/hls/hls_lib/hlsmath/include/FloatingPoint/hls_range_redux.h:496->r:/builds/2019.1/continuous/2019_05_24_2552052/src/products/hls/hls_lib/hlsmath/include/FloatingPoint\hls_hotbm.h:268]   --->   Operation 29 'trunc' 'trunc_ln601' <Predicate = true> <Delay = 0.00>

State 2 <SV = 1> <Delay = 8.02>
ST_2 : Operation 30 [1/2] (3.25ns)   --->   "%table_100_V = load i100* %ref_4oPi_table_100_V_1, align 16" [r:/builds/2019.1/continuous/2019_05_24_2552052/src/products/hls/hls_lib/hlsmath/include/FloatingPoint/hls_range_redux.h:407->r:/builds/2019.1/continuous/2019_05_24_2552052/src/products/hls/hls_lib/hlsmath/include/FloatingPoint/hls_range_redux.h:496->r:/builds/2019.1/continuous/2019_05_24_2552052/src/products/hls/hls_lib/hlsmath/include/FloatingPoint\hls_hotbm.h:268]   --->   Operation 30 'load' 'table_100_V' <Predicate = true> <Delay = 3.25> <Core = "ROM_1P_LUTRAM">   --->   Core 60 'ROM_1P_LUTRAM' <Latency = 1> <II = 1> <Delay = 3.25> <Storage> <Opcode : 'load'> <Ports = 1> <Width = 15> <Depth = 256> <ROM>
ST_2 : Operation 31 [1/1] (0.00ns)   --->   "%zext_ln744 = zext i4 %trunc_ln601 to i100" [r:/builds/2019.1/continuous/2019_05_24_2552052/src/products/hls/hls_lib/hlsmath/include/FloatingPoint/hls_range_redux.h:408->r:/builds/2019.1/continuous/2019_05_24_2552052/src/products/hls/hls_lib/hlsmath/include/FloatingPoint/hls_range_redux.h:496->r:/builds/2019.1/continuous/2019_05_24_2552052/src/products/hls/hls_lib/hlsmath/include/FloatingPoint\hls_hotbm.h:268]   --->   Operation 31 'zext' 'zext_ln744' <Predicate = true> <Delay = 0.00>
ST_2 : Operation 32 [1/1] (4.77ns)   --->   "%r_V_9 = shl i100 %table_100_V, %zext_ln744" [r:/builds/2019.1/continuous/2019_05_24_2552052/src/products/hls/hls_lib/hlsmath/include/FloatingPoint/hls_range_redux.h:408->r:/builds/2019.1/continuous/2019_05_24_2552052/src/products/hls/hls_lib/hlsmath/include/FloatingPoint/hls_range_redux.h:496->r:/builds/2019.1/continuous/2019_05_24_2552052/src/products/hls/hls_lib/hlsmath/include/FloatingPoint\hls_hotbm.h:268]   --->   Operation 32 'shl' 'r_V_9' <Predicate = true> <Delay = 4.77> <Core = "Shift">   --->   Core 28 'Shift' <Latency = 0> <II = 1> <Delay = 4.33> <FuncUnit> <Opcode : 'shl' 'lshr' 'ashr'> <InPorts = 2> <OutPorts = 1>
ST_2 : Operation 33 [1/1] (0.00ns)   --->   "%Med_V = call i80 @_ssdm_op_PartSelect.i80.i100.i32.i32(i100 %r_V_9, i32 20, i32 99) nounwind" [r:/builds/2019.1/continuous/2019_05_24_2552052/src/products/hls/hls_lib/hlsmath/include/FloatingPoint/hls_range_redux.h:408->r:/builds/2019.1/continuous/2019_05_24_2552052/src/products/hls/hls_lib/hlsmath/include/FloatingPoint/hls_range_redux.h:496->r:/builds/2019.1/continuous/2019_05_24_2552052/src/products/hls/hls_lib/hlsmath/include/FloatingPoint\hls_hotbm.h:268]   --->   Operation 33 'partselect' 'Med_V' <Predicate = true> <Delay = 0.00>

State 3 <SV = 2> <Delay = 6.97>
ST_3 : Operation 34 [1/1] (0.00ns)   --->   "%p_Result_15 = call i24 @_ssdm_op_BitConcatenate.i24.i1.i23(i1 true, i23 %tmp_V_1) nounwind" [r:/builds/2019.1/continuous/2019_05_24_2552052/src/products/hls/hls_lib/hlsmath/include/FloatingPoint/hls_range_redux.h:495->r:/builds/2019.1/continuous/2019_05_24_2552052/src/products/hls/hls_lib/hlsmath/include/FloatingPoint\hls_hotbm.h:268]   --->   Operation 34 'bitconcatenate' 'p_Result_15' <Predicate = true> <Delay = 0.00>
ST_3 : Operation 35 [1/1] (0.00ns)   --->   "%lhs_V_1 = zext i80 %Med_V to i104" [r:/builds/2019.1/continuous/2019_05_24_2552052/src/products/hls/hls_lib/hlsmath/include/FloatingPoint/hls_range_redux.h:497->r:/builds/2019.1/continuous/2019_05_24_2552052/src/products/hls/hls_lib/hlsmath/include/FloatingPoint\hls_hotbm.h:268]   --->   Operation 35 'zext' 'lhs_V_1' <Predicate = true> <Delay = 0.00>
ST_3 : Operation 36 [1/1] (0.00ns)   --->   "%rhs_V_1 = zext i24 %p_Result_15 to i104" [r:/builds/2019.1/continuous/2019_05_24_2552052/src/products/hls/hls_lib/hlsmath/include/FloatingPoint/hls_range_redux.h:497->r:/builds/2019.1/continuous/2019_05_24_2552052/src/products/hls/hls_lib/hlsmath/include/FloatingPoint\hls_hotbm.h:268]   --->   Operation 36 'zext' 'rhs_V_1' <Predicate = true> <Delay = 0.00>
ST_3 : Operation 37 [5/5] (6.97ns)   --->   "%ret_V_8 = mul i104 %lhs_V_1, %rhs_V_1" [r:/builds/2019.1/continuous/2019_05_24_2552052/src/products/hls/hls_lib/hlsmath/include/FloatingPoint/hls_range_redux.h:497->r:/builds/2019.1/continuous/2019_05_24_2552052/src/products/hls/hls_lib/hlsmath/include/FloatingPoint\hls_hotbm.h:268]   --->   Operation 37 'mul' 'ret_V_8' <Predicate = true> <Delay = 6.97> <Core = "MulnS">   --->   Core 17 'MulnS' <Latency = 4> <II = 1> <Delay = 6.97> <FuncUnit> <Opcode : 'mul'> <InPorts = 2> <OutPorts = 1>
ST_3 : Operation 38 [1/1] (2.44ns)   --->   "%icmp_ln833_1 = icmp eq i23 %tmp_V_1, 0" [r:/builds/2019.1/continuous/2019_05_24_2552052/src/products/hls/hls_lib/hlsmath/include/FloatingPoint\hls_hotbm.h:300]   --->   Operation 38 'icmp' 'icmp_ln833_1' <Predicate = true> <Delay = 2.44> <Core = "Cmp">   --->   Core 25 'Cmp' <Latency = 0> <II = 1> <Delay = 1.55> <FuncUnit> <Opcode : 'icmp'> <InPorts = 2> <OutPorts = 1>

State 4 <SV = 3> <Delay = 6.97>
ST_4 : Operation 39 [4/5] (6.97ns)   --->   "%ret_V_8 = mul i104 %lhs_V_1, %rhs_V_1" [r:/builds/2019.1/continuous/2019_05_24_2552052/src/products/hls/hls_lib/hlsmath/include/FloatingPoint/hls_range_redux.h:497->r:/builds/2019.1/continuous/2019_05_24_2552052/src/products/hls/hls_lib/hlsmath/include/FloatingPoint\hls_hotbm.h:268]   --->   Operation 39 'mul' 'ret_V_8' <Predicate = true> <Delay = 6.97> <Core = "MulnS">   --->   Core 17 'MulnS' <Latency = 4> <II = 1> <Delay = 6.97> <FuncUnit> <Opcode : 'mul'> <InPorts = 2> <OutPorts = 1>

State 5 <SV = 4> <Delay = 6.97>
ST_5 : Operation 40 [3/5] (6.97ns)   --->   "%ret_V_8 = mul i104 %lhs_V_1, %rhs_V_1" [r:/builds/2019.1/continuous/2019_05_24_2552052/src/products/hls/hls_lib/hlsmath/include/FloatingPoint/hls_range_redux.h:497->r:/builds/2019.1/continuous/2019_05_24_2552052/src/products/hls/hls_lib/hlsmath/include/FloatingPoint\hls_hotbm.h:268]   --->   Operation 40 'mul' 'ret_V_8' <Predicate = true> <Delay = 6.97> <Core = "MulnS">   --->   Core 17 'MulnS' <Latency = 4> <II = 1> <Delay = 6.97> <FuncUnit> <Opcode : 'mul'> <InPorts = 2> <OutPorts = 1>

State 6 <SV = 5> <Delay = 6.97>
ST_6 : Operation 41 [2/5] (6.97ns)   --->   "%ret_V_8 = mul i104 %lhs_V_1, %rhs_V_1" [r:/builds/2019.1/continuous/2019_05_24_2552052/src/products/hls/hls_lib/hlsmath/include/FloatingPoint/hls_range_redux.h:497->r:/builds/2019.1/continuous/2019_05_24_2552052/src/products/hls/hls_lib/hlsmath/include/FloatingPoint\hls_hotbm.h:268]   --->   Operation 41 'mul' 'ret_V_8' <Predicate = true> <Delay = 6.97> <Core = "MulnS">   --->   Core 17 'MulnS' <Latency = 4> <II = 1> <Delay = 6.97> <FuncUnit> <Opcode : 'mul'> <InPorts = 2> <OutPorts = 1>

State 7 <SV = 6> <Delay = 6.97>
ST_7 : Operation 42 [1/5] (6.97ns)   --->   "%ret_V_8 = mul i104 %lhs_V_1, %rhs_V_1" [r:/builds/2019.1/continuous/2019_05_24_2552052/src/products/hls/hls_lib/hlsmath/include/FloatingPoint/hls_range_redux.h:497->r:/builds/2019.1/continuous/2019_05_24_2552052/src/products/hls/hls_lib/hlsmath/include/FloatingPoint\hls_hotbm.h:268]   --->   Operation 42 'mul' 'ret_V_8' <Predicate = true> <Delay = 6.97> <Core = "MulnS">   --->   Core 17 'MulnS' <Latency = 4> <II = 1> <Delay = 6.97> <FuncUnit> <Opcode : 'mul'> <InPorts = 2> <OutPorts = 1>
ST_7 : Operation 43 [1/1] (0.00ns)   --->   "%p_Val2_24 = call i58 @_ssdm_op_PartSelect.i58.i104.i32.i32(i104 %ret_V_8, i32 19, i32 76)" [r:/builds/2019.1/continuous/2019_05_24_2552052/src/products/hls/hls_lib/hlsmath/include/FloatingPoint/hls_range_redux.h:512->r:/builds/2019.1/continuous/2019_05_24_2552052/src/products/hls/hls_lib/hlsmath/include/FloatingPoint\hls_hotbm.h:268]   --->   Operation 43 'partselect' 'p_Val2_24' <Predicate = true> <Delay = 0.00>
ST_7 : Operation 44 [1/1] (0.00ns)   --->   "%trunc_ln_i = call i3 @_ssdm_op_PartSelect.i3.i104.i32.i32(i104 %ret_V_8, i32 77, i32 79) nounwind" [r:/builds/2019.1/continuous/2019_05_24_2552052/src/products/hls/hls_lib/hlsmath/include/FloatingPoint/hls_range_redux.h:516->r:/builds/2019.1/continuous/2019_05_24_2552052/src/products/hls/hls_lib/hlsmath/include/FloatingPoint\hls_hotbm.h:268]   --->   Operation 44 'partselect' 'trunc_ln_i' <Predicate = (!closepath)> <Delay = 0.00>

State 8 <SV = 7> <Delay = 7.84>
ST_8 : Operation 45 [1/1] (0.98ns)   --->   "%p_Val2_25 = select i1 %closepath, i3 0, i3 %trunc_ln_i" [r:/builds/2019.1/continuous/2019_05_24_2552052/src/products/hls/hls_lib/hlsmath/include/FloatingPoint/hls_range_redux.h:480->r:/builds/2019.1/continuous/2019_05_24_2552052/src/products/hls/hls_lib/hlsmath/include/FloatingPoint\hls_hotbm.h:268]   --->   Operation 45 'select' 'p_Val2_25' <Predicate = true> <Delay = 0.98> <Core = "Sel">   --->   Core 26 'Sel' <Latency = 0> <II = 1> <Delay = 0.69> <FuncUnit> <Opcode : 'select'> <InPorts = 3> <OutPorts = 1>
ST_8 : Operation 46 [1/1] (0.00ns)   --->   "%trunc_ln745 = trunc i3 %p_Val2_25 to i1" [r:/builds/2019.1/continuous/2019_05_24_2552052/src/products/hls/hls_lib/hlsmath/include/FloatingPoint/hls_range_redux.h:520->r:/builds/2019.1/continuous/2019_05_24_2552052/src/products/hls/hls_lib/hlsmath/include/FloatingPoint\hls_hotbm.h:268]   --->   Operation 46 'trunc' 'trunc_ln745' <Predicate = true> <Delay = 0.00>
ST_8 : Operation 47 [1/1] (3.36ns)   --->   "%Mx_bits_V_1 = sub i58 0, %p_Val2_24" [r:/builds/2019.1/continuous/2019_05_24_2552052/src/products/hls/hls_lib/hlsmath/include/FloatingPoint/hls_range_redux.h:521->r:/builds/2019.1/continuous/2019_05_24_2552052/src/products/hls/hls_lib/hlsmath/include/FloatingPoint\hls_hotbm.h:268]   --->   Operation 47 'sub' 'Mx_bits_V_1' <Predicate = true> <Delay = 3.36> <Core = "AddSub">   --->   Core 14 'AddSub' <Latency = 0> <II = 1> <Delay = 1.91> <FuncUnit> <Opcode : 'add' 'sub'> <InPorts = 2> <OutPorts = 1>
ST_8 : Operation 48 [1/1] (1.07ns)   --->   "%p_Val2_7 = select i1 %trunc_ln745, i58 %Mx_bits_V_1, i58 %p_Val2_24" [r:/builds/2019.1/continuous/2019_05_24_2552052/src/products/hls/hls_lib/hlsmath/include/FloatingPoint/hls_range_redux.h:520->r:/builds/2019.1/continuous/2019_05_24_2552052/src/products/hls/hls_lib/hlsmath/include/FloatingPoint\hls_hotbm.h:268]   --->   Operation 48 'select' 'p_Val2_7' <Predicate = true> <Delay = 1.07> <Core = "Sel">   --->   Core 26 'Sel' <Latency = 0> <II = 1> <Delay = 0.69> <FuncUnit> <Opcode : 'select'> <InPorts = 3> <OutPorts = 1>
ST_8 : Operation 49 [1/1] (0.00ns)   --->   "%p_Result_i_i = call i29 @_ssdm_op_PartSelect.i29.i58.i32.i32(i58 %p_Val2_7, i32 29, i32 57) nounwind" [r:/builds/2019.1/continuous/2019_05_24_2552052/src/products/hls/hls_lib/hlsmath/include/FloatingPoint/hls_normalize.h:101->r:/builds/2019.1/continuous/2019_05_24_2552052/src/products/hls/hls_lib/hlsmath/include/FloatingPoint/hls_range_redux.h:524->r:/builds/2019.1/continuous/2019_05_24_2552052/src/products/hls/hls_lib/hlsmath/include/FloatingPoint\hls_hotbm.h:268]   --->   Operation 49 'partselect' 'p_Result_i_i' <Predicate = true> <Delay = 0.00>
ST_8 : Operation 50 [1/1] (0.00ns)   --->   "%p_Result_16 = call i30 @_ssdm_op_BitConcatenate.i30.i29.i1(i29 %p_Result_i_i, i1 true) nounwind" [r:/builds/2019.1/continuous/2019_05_24_2552052/src/products/hls/hls_lib/hlsmath/include/FloatingPoint/hls_normalize.h:102->r:/builds/2019.1/continuous/2019_05_24_2552052/src/products/hls/hls_lib/hlsmath/include/FloatingPoint/hls_range_redux.h:524->r:/builds/2019.1/continuous/2019_05_24_2552052/src/products/hls/hls_lib/hlsmath/include/FloatingPoint\hls_hotbm.h:268]   --->   Operation 50 'bitconcatenate' 'p_Result_16' <Predicate = true> <Delay = 0.00>
ST_8 : Operation 51 [1/1] (0.00ns)   --->   "%p_Result_8 = call i30 @llvm.part.select.i30(i30 %p_Result_16, i32 29, i32 0) nounwind" [r:/builds/2019.1/continuous/2019_05_24_2552052/src/products/hls/hls_lib/hlsmath/include/FloatingPoint/hls_normalize.h:104->r:/builds/2019.1/continuous/2019_05_24_2552052/src/products/hls/hls_lib/hlsmath/include/FloatingPoint/hls_range_redux.h:524->r:/builds/2019.1/continuous/2019_05_24_2552052/src/products/hls/hls_lib/hlsmath/include/FloatingPoint\hls_hotbm.h:268]   --->   Operation 51 'partselect' 'p_Result_8' <Predicate = true> <Delay = 0.00>
ST_8 : Operation 52 [1/1] (0.00ns)   --->   "%p_Result_17 = call i32 @_ssdm_op_BitConcatenate.i32.i2.i30(i2 -1, i30 %p_Result_8) nounwind" [r:/builds/2019.1/continuous/2019_05_24_2552052/src/products/hls/hls_lib/hlsmath/include/FloatingPoint/hls_normalize.h:104->r:/builds/2019.1/continuous/2019_05_24_2552052/src/products/hls/hls_lib/hlsmath/include/FloatingPoint/hls_range_redux.h:524->r:/builds/2019.1/continuous/2019_05_24_2552052/src/products/hls/hls_lib/hlsmath/include/FloatingPoint\hls_hotbm.h:268]   --->   Operation 52 'bitconcatenate' 'p_Result_17' <Predicate = true> <Delay = 0.00>
ST_8 : Operation 53 [1/1] (3.39ns)   --->   "%val_assign = call i32 @llvm.cttz.i32(i32 %p_Result_17, i1 true) nounwind" [r:/builds/2019.1/continuous/2019_05_24_2552052/src/products/hls/hls_lib/hlsmath/include/FloatingPoint/hls_normalize.h:104->r:/builds/2019.1/continuous/2019_05_24_2552052/src/products/hls/hls_lib/hlsmath/include/FloatingPoint/hls_range_redux.h:524->r:/builds/2019.1/continuous/2019_05_24_2552052/src/products/hls/hls_lib/hlsmath/include/FloatingPoint\hls_hotbm.h:268]   --->   Operation 53 'cttz' 'val_assign' <Predicate = true> <Delay = 3.39> <Core = "CTTZ">   --->   Core 64 'CTTZ' <Latency = 0> <II = 1> <Delay = 3.39> <FuncUnit> <Opcode : 'cttz'> <InPorts = 1> <OutPorts = 1>
ST_8 : Operation 54 [1/1] (0.00ns)   --->   "%Mx_zeros_V = trunc i32 %val_assign to i5" [r:/builds/2019.1/continuous/2019_05_24_2552052/src/products/hls/hls_lib/hlsmath/include/FloatingPoint/hls_range_redux.h:524->r:/builds/2019.1/continuous/2019_05_24_2552052/src/products/hls/hls_lib/hlsmath/include/FloatingPoint\hls_hotbm.h:268]   --->   Operation 54 'trunc' 'Mx_zeros_V' <Predicate = true> <Delay = 0.00>

State 9 <SV = 8> <Delay = 6.71>
ST_9 : Operation 55 [1/1] (1.91ns)   --->   "%add_ln114 = add i8 -125, %tmp_V" [r:/builds/2019.1/continuous/2019_05_24_2552052/src/products/hls/hls_lib/hlsmath/include/FloatingPoint/hls_range_redux.h:483->r:/builds/2019.1/continuous/2019_05_24_2552052/src/products/hls/hls_lib/hlsmath/include/FloatingPoint\hls_hotbm.h:268]   --->   Operation 55 'add' 'add_ln114' <Predicate = (closepath)> <Delay = 1.91> <Core = "AddSub">   --->   Core 14 'AddSub' <Latency = 0> <II = 1> <Delay = 1.91> <FuncUnit> <Opcode : 'add' 'sub'> <InPorts = 2> <OutPorts = 1>
ST_9 : Operation 56 [1/1] (0.00ns) (grouped into LUT with out node Ex_V)   --->   "%select_ln482 = select i1 %closepath, i8 %add_ln114, i8 0" [r:/builds/2019.1/continuous/2019_05_24_2552052/src/products/hls/hls_lib/hlsmath/include/FloatingPoint/hls_range_redux.h:482->r:/builds/2019.1/continuous/2019_05_24_2552052/src/products/hls/hls_lib/hlsmath/include/FloatingPoint\hls_hotbm.h:268]   --->   Operation 56 'select' 'select_ln482' <Predicate = true> <Delay = 0.00> <Core = "Sel">   --->   Core 26 'Sel' <Latency = 0> <II = 1> <Delay = 0.69> <FuncUnit> <Opcode : 'select'> <InPorts = 3> <OutPorts = 1>
ST_9 : Operation 57 [1/1] (0.00ns)   --->   "%zext_ln1253 = zext i5 %Mx_zeros_V to i58" [r:/builds/2019.1/continuous/2019_05_24_2552052/src/products/hls/hls_lib/hlsmath/include/FloatingPoint/hls_range_redux.h:533->r:/builds/2019.1/continuous/2019_05_24_2552052/src/products/hls/hls_lib/hlsmath/include/FloatingPoint\hls_hotbm.h:268]   --->   Operation 57 'zext' 'zext_ln1253' <Predicate = true> <Delay = 0.00>
ST_9 : Operation 58 [1/1] (4.60ns)   --->   "%r_V_10 = shl i58 %p_Val2_7, %zext_ln1253" [r:/builds/2019.1/continuous/2019_05_24_2552052/src/products/hls/hls_lib/hlsmath/include/FloatingPoint/hls_range_redux.h:533->r:/builds/2019.1/continuous/2019_05_24_2552052/src/products/hls/hls_lib/hlsmath/include/FloatingPoint\hls_hotbm.h:268]   --->   Operation 58 'shl' 'r_V_10' <Predicate = true> <Delay = 4.60> <Core = "Shift">   --->   Core 28 'Shift' <Latency = 0> <II = 1> <Delay = 4.33> <FuncUnit> <Opcode : 'shl' 'lshr' 'ashr'> <InPorts = 2> <OutPorts = 1>
ST_9 : Operation 59 [1/1] (0.00ns)   --->   "%Mx_V = call i29 @_ssdm_op_PartSelect.i29.i58.i32.i32(i58 %r_V_10, i32 29, i32 57)" [r:/builds/2019.1/continuous/2019_05_24_2552052/src/products/hls/hls_lib/hlsmath/include/FloatingPoint/hls_range_redux.h:533->r:/builds/2019.1/continuous/2019_05_24_2552052/src/products/hls/hls_lib/hlsmath/include/FloatingPoint\hls_hotbm.h:268]   --->   Operation 59 'partselect' 'Mx_V' <Predicate = true> <Delay = 0.00>
ST_9 : Operation 60 [1/1] (0.00ns) (grouped into LUT with out node Ex_V)   --->   "%zext_ln655 = zext i5 %Mx_zeros_V to i8" [r:/builds/2019.1/continuous/2019_05_24_2552052/src/products/hls/hls_lib/hlsmath/include/FloatingPoint/hls_range_redux.h:534->r:/builds/2019.1/continuous/2019_05_24_2552052/src/products/hls/hls_lib/hlsmath/include/FloatingPoint\hls_hotbm.h:268]   --->   Operation 60 'zext' 'zext_ln655' <Predicate = true> <Delay = 0.00>
ST_9 : Operation 61 [1/1] (1.91ns) (out node of the LUT)   --->   "%Ex_V = sub i8 %select_ln482, %zext_ln655" [r:/builds/2019.1/continuous/2019_05_24_2552052/src/products/hls/hls_lib/hlsmath/include/FloatingPoint/hls_range_redux.h:534->r:/builds/2019.1/continuous/2019_05_24_2552052/src/products/hls/hls_lib/hlsmath/include/FloatingPoint\hls_hotbm.h:268]   --->   Operation 61 'sub' 'Ex_V' <Predicate = true> <Delay = 1.91> <Core = "AddSub">   --->   Core 14 'AddSub' <Latency = 0> <II = 1> <Delay = 1.91> <FuncUnit> <Opcode : 'add' 'sub'> <InPorts = 2> <OutPorts = 1>
ST_9 : Operation 62 [1/1] (0.00ns)   --->   "%sext_ln1334 = sext i8 %Ex_V to i9" [r:/builds/2019.1/continuous/2019_05_24_2552052/src/products/hls/hls_lib/hlsmath/include/FloatingPoint/hls_range_redux.h:535->r:/builds/2019.1/continuous/2019_05_24_2552052/src/products/hls/hls_lib/hlsmath/include/FloatingPoint\hls_hotbm.h:268]   --->   Operation 62 'sext' 'sext_ln1334' <Predicate = true> <Delay = 0.00>
ST_9 : Operation 63 [1/1] (0.00ns)   --->   "%isNeg = call i1 @_ssdm_op_BitSelect.i1.i8.i32(i8 %Ex_V, i32 7)" [r:/builds/2019.1/continuous/2019_05_24_2552052/src/products/hls/hls_lib/hlsmath/include/FloatingPoint/hls_range_redux.h:535->r:/builds/2019.1/continuous/2019_05_24_2552052/src/products/hls/hls_lib/hlsmath/include/FloatingPoint\hls_hotbm.h:268]   --->   Operation 63 'bitselect' 'isNeg' <Predicate = true> <Delay = 0.00>
ST_9 : Operation 64 [1/1] (1.91ns)   --->   "%sub_ln1311 = sub i9 0, %sext_ln1334" [r:/builds/2019.1/continuous/2019_05_24_2552052/src/products/hls/hls_lib/hlsmath/include/FloatingPoint/hls_range_redux.h:535->r:/builds/2019.1/continuous/2019_05_24_2552052/src/products/hls/hls_lib/hlsmath/include/FloatingPoint\hls_hotbm.h:268]   --->   Operation 64 'sub' 'sub_ln1311' <Predicate = true> <Delay = 1.91> <Core = "AddSub">   --->   Core 14 'AddSub' <Latency = 0> <II = 1> <Delay = 1.91> <FuncUnit> <Opcode : 'add' 'sub'> <InPorts = 2> <OutPorts = 1>
ST_9 : Operation 65 [1/1] (0.96ns)   --->   "%ush = select i1 %isNeg, i9 %sub_ln1311, i9 %sext_ln1334" [r:/builds/2019.1/continuous/2019_05_24_2552052/src/products/hls/hls_lib/hlsmath/include/FloatingPoint/hls_range_redux.h:535->r:/builds/2019.1/continuous/2019_05_24_2552052/src/products/hls/hls_lib/hlsmath/include/FloatingPoint\hls_hotbm.h:268]   --->   Operation 65 'select' 'ush' <Predicate = true> <Delay = 0.96> <Core = "Sel">   --->   Core 26 'Sel' <Latency = 0> <II = 1> <Delay = 0.69> <FuncUnit> <Opcode : 'select'> <InPorts = 3> <OutPorts = 1>
ST_9 : Operation 66 [1/1] (1.55ns)   --->   "%icmp_ln833 = icmp eq i8 %tmp_V, 0" [r:/builds/2019.1/continuous/2019_05_24_2552052/src/products/hls/hls_lib/hlsmath/include/FloatingPoint\hls_hotbm.h:300]   --->   Operation 66 'icmp' 'icmp_ln833' <Predicate = true> <Delay = 1.55> <Core = "Cmp">   --->   Core 25 'Cmp' <Latency = 0> <II = 1> <Delay = 1.55> <FuncUnit> <Opcode : 'icmp'> <InPorts = 2> <OutPorts = 1>
ST_9 : Operation 67 [1/1] (1.55ns)   --->   "%icmp_ln833_2 = icmp eq i8 %tmp_V, -1" [r:/builds/2019.1/continuous/2019_05_24_2552052/src/products/hls/hls_lib/hlsmath/include/FloatingPoint\hls_hotbm.h:311]   --->   Operation 67 'icmp' 'icmp_ln833_2' <Predicate = true> <Delay = 1.55> <Core = "Cmp">   --->   Core 25 'Cmp' <Latency = 0> <II = 1> <Delay = 1.55> <FuncUnit> <Opcode : 'icmp'> <InPorts = 2> <OutPorts = 1>

State 10 <SV = 9> <Delay = 7.59>
ST_10 : Operation 68 [1/1] (0.00ns)   --->   "%do_cos_read = call i1 @_ssdm_op_Read.ap_auto.i1(i1 %do_cos) nounwind" [r:/builds/2019.1/continuous/2019_05_24_2552052/src/products/hls/hls_lib/hlsmath/include/FloatingPoint\hls_hotbm.h:238]   --->   Operation 68 'read' 'do_cos_read' <Predicate = true> <Delay = 0.00>
ST_10 : Operation 69 [1/1] (0.00ns) (grouped into LUT with out node select_ln1310)   --->   "%sext_ln1311 = sext i9 %ush to i32" [r:/builds/2019.1/continuous/2019_05_24_2552052/src/products/hls/hls_lib/hlsmath/include/FloatingPoint/hls_range_redux.h:535->r:/builds/2019.1/continuous/2019_05_24_2552052/src/products/hls/hls_lib/hlsmath/include/FloatingPoint\hls_hotbm.h:268]   --->   Operation 69 'sext' 'sext_ln1311' <Predicate = (!isNeg)> <Delay = 0.00>
ST_10 : Operation 70 [1/1] (0.00ns) (grouped into LUT with out node select_ln1310)   --->   "%sext_ln1311_1 = sext i9 %ush to i29" [r:/builds/2019.1/continuous/2019_05_24_2552052/src/products/hls/hls_lib/hlsmath/include/FloatingPoint/hls_range_redux.h:535->r:/builds/2019.1/continuous/2019_05_24_2552052/src/products/hls/hls_lib/hlsmath/include/FloatingPoint\hls_hotbm.h:268]   --->   Operation 70 'sext' 'sext_ln1311_1' <Predicate = (isNeg)> <Delay = 0.00>
ST_10 : Operation 71 [1/1] (0.00ns) (grouped into LUT with out node select_ln1310)   --->   "%zext_ln1287 = zext i29 %Mx_V to i32" [r:/builds/2019.1/continuous/2019_05_24_2552052/src/products/hls/hls_lib/hlsmath/include/FloatingPoint/hls_range_redux.h:535->r:/builds/2019.1/continuous/2019_05_24_2552052/src/products/hls/hls_lib/hlsmath/include/FloatingPoint\hls_hotbm.h:268]   --->   Operation 71 'zext' 'zext_ln1287' <Predicate = (!isNeg)> <Delay = 0.00>
ST_10 : Operation 72 [1/1] (0.00ns) (grouped into LUT with out node select_ln1310)   --->   "%lshr_ln1287 = lshr i29 %Mx_V, %sext_ln1311_1" [r:/builds/2019.1/continuous/2019_05_24_2552052/src/products/hls/hls_lib/hlsmath/include/FloatingPoint/hls_range_redux.h:535->r:/builds/2019.1/continuous/2019_05_24_2552052/src/products/hls/hls_lib/hlsmath/include/FloatingPoint\hls_hotbm.h:268]   --->   Operation 72 'lshr' 'lshr_ln1287' <Predicate = (isNeg)> <Delay = 0.00> <Core = "Shift">   --->   Core 28 'Shift' <Latency = 0> <II = 1> <Delay = 4.33> <FuncUnit> <Opcode : 'shl' 'lshr' 'ashr'> <InPorts = 2> <OutPorts = 1>
ST_10 : Operation 73 [1/1] (0.00ns) (grouped into LUT with out node select_ln1310)   --->   "%zext_ln1287_1 = zext i29 %lshr_ln1287 to i32" [r:/builds/2019.1/continuous/2019_05_24_2552052/src/products/hls/hls_lib/hlsmath/include/FloatingPoint/hls_range_redux.h:535->r:/builds/2019.1/continuous/2019_05_24_2552052/src/products/hls/hls_lib/hlsmath/include/FloatingPoint\hls_hotbm.h:268]   --->   Operation 73 'zext' 'zext_ln1287_1' <Predicate = (isNeg)> <Delay = 0.00>
ST_10 : Operation 74 [1/1] (0.00ns) (grouped into LUT with out node select_ln1310)   --->   "%shl_ln1253 = shl i32 %zext_ln1287, %sext_ln1311" [r:/builds/2019.1/continuous/2019_05_24_2552052/src/products/hls/hls_lib/hlsmath/include/FloatingPoint/hls_range_redux.h:535->r:/builds/2019.1/continuous/2019_05_24_2552052/src/products/hls/hls_lib/hlsmath/include/FloatingPoint\hls_hotbm.h:268]   --->   Operation 74 'shl' 'shl_ln1253' <Predicate = (!isNeg)> <Delay = 0.00> <Core = "Shift">   --->   Core 28 'Shift' <Latency = 0> <II = 1> <Delay = 4.33> <FuncUnit> <Opcode : 'shl' 'lshr' 'ashr'> <InPorts = 2> <OutPorts = 1>
ST_10 : Operation 75 [1/1] (4.33ns) (out node of the LUT)   --->   "%select_ln1310 = select i1 %isNeg, i32 %zext_ln1287_1, i32 %shl_ln1253" [r:/builds/2019.1/continuous/2019_05_24_2552052/src/products/hls/hls_lib/hlsmath/include/FloatingPoint/hls_range_redux.h:535->r:/builds/2019.1/continuous/2019_05_24_2552052/src/products/hls/hls_lib/hlsmath/include/FloatingPoint\hls_hotbm.h:268]   --->   Operation 75 'select' 'select_ln1310' <Predicate = true> <Delay = 4.33> <Core = "Sel">   --->   Core 26 'Sel' <Latency = 0> <II = 1> <Delay = 0.69> <FuncUnit> <Opcode : 'select'> <InPorts = 3> <OutPorts = 1>
ST_10 : Operation 76 [1/1] (2.47ns)   --->   "%tmp = call i1 @_ssdm_op_Mux.ap_auto.8i1.i3(i1 false, i1 true, i1 true, i1 false, i1 false, i1 true, i1 true, i1 false, i3 %p_Val2_25) nounwind" [r:/builds/2019.1/continuous/2019_05_24_2552052/src/products/hls/hls_lib/hlsmath/include/FloatingPoint\hls_hotbm.h:271]   --->   Operation 76 'mux' 'tmp' <Predicate = true> <Delay = 2.47> <Core = "MuxnS">   --->   Core 31 'MuxnS' <Latency = 0> <II = 1> <Delay = 2.06> <FuncUnit> <Opcode : 'mux'> <InPorts = 2> <OutPorts = 1>
ST_10 : Operation 77 [1/1] (0.00ns)   --->   "%p_Result_i = call i7 @_ssdm_op_PartSelect.i7.i32.i32.i32(i32 %select_ln1310, i32 22, i32 28)" [r:/builds/2019.1/continuous/2019_05_24_2552052/src/products/hls/hls_lib/hlsmath/src/common/hls_hotbm_float.cpp:20->r:/builds/2019.1/continuous/2019_05_24_2552052/src/products/hls/hls_lib/hlsmath/include/FloatingPoint\hls_hotbm.h:279]   --->   Operation 77 'partselect' 'p_Result_i' <Predicate = true> <Delay = 0.00>
ST_10 : Operation 78 [1/1] (0.00ns)   --->   "%B_V = trunc i32 %select_ln1310 to i22" [r:/builds/2019.1/continuous/2019_05_24_2552052/src/products/hls/hls_lib/hlsmath/src/common/hls_hotbm_float.cpp:21->r:/builds/2019.1/continuous/2019_05_24_2552052/src/products/hls/hls_lib/hlsmath/include/FloatingPoint\hls_hotbm.h:279]   --->   Operation 78 'trunc' 'B_V' <Predicate = true> <Delay = 0.00>
ST_10 : Operation 79 [1/1] (0.00ns)   --->   "%B_trunc_V = call i15 @_ssdm_op_PartSelect.i15.i32.i32.i32(i32 %select_ln1310, i32 7, i32 21)" [r:/builds/2019.1/continuous/2019_05_24_2552052/src/products/hls/hls_lib/hlsmath/src/common/hls_hotbm_float.cpp:22->r:/builds/2019.1/continuous/2019_05_24_2552052/src/products/hls/hls_lib/hlsmath/include/FloatingPoint\hls_hotbm.h:279]   --->   Operation 79 'partselect' 'B_trunc_V' <Predicate = true> <Delay = 0.00>
ST_10 : Operation 80 [1/1] (0.97ns)   --->   "%xor_ln25 = xor i1 %do_cos_read, true" [r:/builds/2019.1/continuous/2019_05_24_2552052/src/products/hls/hls_lib/hlsmath/src/common/hls_hotbm_float.cpp:25->r:/builds/2019.1/continuous/2019_05_24_2552052/src/products/hls/hls_lib/hlsmath/include/FloatingPoint\hls_hotbm.h:279]   --->   Operation 80 'xor' 'xor_ln25' <Predicate = true> <Delay = 0.97> <Core = "LogicGate">   --->   Core 27 'LogicGate' <Latency = 0> <II = 1> <Delay = 0.97> <FuncUnit> <Opcode : 'and' 'or' 'xor'> <InPorts = 2> <OutPorts = 1>
ST_10 : Operation 81 [1/1] (0.97ns)   --->   "%sin_basis = xor i1 %tmp, %xor_ln25" [r:/builds/2019.1/continuous/2019_05_24_2552052/src/products/hls/hls_lib/hlsmath/src/common/hls_hotbm_float.cpp:25->r:/builds/2019.1/continuous/2019_05_24_2552052/src/products/hls/hls_lib/hlsmath/include/FloatingPoint\hls_hotbm.h:279]   --->   Operation 81 'xor' 'sin_basis' <Predicate = true> <Delay = 0.97> <Core = "LogicGate">   --->   Core 27 'LogicGate' <Latency = 0> <II = 1> <Delay = 0.97> <FuncUnit> <Opcode : 'and' 'or' 'xor'> <InPorts = 2> <OutPorts = 1>
ST_10 : Operation 82 [1/1] (0.00ns)   --->   "%p_Result_18 = call i8 @_ssdm_op_BitConcatenate.i8.i1.i7(i1 %sin_basis, i7 %p_Result_i) nounwind" [r:/builds/2019.1/continuous/2019_05_24_2552052/src/products/hls/hls_lib/hlsmath/src/common/hls_hotbm_float.cpp:26->r:/builds/2019.1/continuous/2019_05_24_2552052/src/products/hls/hls_lib/hlsmath/include/FloatingPoint\hls_hotbm.h:279]   --->   Operation 82 'bitconcatenate' 'p_Result_18' <Predicate = true> <Delay = 0.00>
ST_10 : Operation 83 [1/1] (0.00ns)   --->   "%zext_ln498 = zext i8 %p_Result_18 to i64" [r:/builds/2019.1/continuous/2019_05_24_2552052/src/products/hls/hls_lib/hlsmath/src/common/hls_hotbm_float.cpp:28->r:/builds/2019.1/continuous/2019_05_24_2552052/src/products/hls/hls_lib/hlsmath/include/FloatingPoint\hls_hotbm.h:279]   --->   Operation 83 'zext' 'zext_ln498' <Predicate = true> <Delay = 0.00>
ST_10 : Operation 84 [1/1] (0.00ns)   --->   "%second_order_float_4 = getelementptr [256 x i30]* @second_order_float_2, i64 0, i64 %zext_ln498" [r:/builds/2019.1/continuous/2019_05_24_2552052/src/products/hls/hls_lib/hlsmath/src/common/hls_hotbm_float.cpp:28->r:/builds/2019.1/continuous/2019_05_24_2552052/src/products/hls/hls_lib/hlsmath/include/FloatingPoint\hls_hotbm.h:279]   --->   Operation 84 'getelementptr' 'second_order_float_4' <Predicate = true> <Delay = 0.00>
ST_10 : Operation 85 [2/2] (3.25ns)   --->   "%p_Val2_13 = load i30* %second_order_float_4, align 4" [r:/builds/2019.1/continuous/2019_05_24_2552052/src/products/hls/hls_lib/hlsmath/src/common/hls_hotbm_float.cpp:28->r:/builds/2019.1/continuous/2019_05_24_2552052/src/products/hls/hls_lib/hlsmath/include/FloatingPoint\hls_hotbm.h:279]   --->   Operation 85 'load' 'p_Val2_13' <Predicate = true> <Delay = 3.25> <Core = "ROM_1P_LUTRAM">   --->   Core 60 'ROM_1P_LUTRAM' <Latency = 1> <II = 1> <Delay = 3.25> <Storage> <Opcode : 'load'> <Ports = 1> <Width = 15> <Depth = 256> <ROM>
ST_10 : Operation 86 [1/1] (0.00ns)   --->   "%second_order_float_5 = getelementptr [256 x i23]* @second_order_float_3, i64 0, i64 %zext_ln498" [r:/builds/2019.1/continuous/2019_05_24_2552052/src/products/hls/hls_lib/hlsmath/src/common/hls_hotbm_float.cpp:29->r:/builds/2019.1/continuous/2019_05_24_2552052/src/products/hls/hls_lib/hlsmath/include/FloatingPoint\hls_hotbm.h:279]   --->   Operation 86 'getelementptr' 'second_order_float_5' <Predicate = true> <Delay = 0.00>
ST_10 : Operation 87 [2/2] (3.25ns)   --->   "%second_order_float_6 = load i23* %second_order_float_5, align 4" [r:/builds/2019.1/continuous/2019_05_24_2552052/src/products/hls/hls_lib/hlsmath/src/common/hls_hotbm_float.cpp:29->r:/builds/2019.1/continuous/2019_05_24_2552052/src/products/hls/hls_lib/hlsmath/include/FloatingPoint\hls_hotbm.h:279]   --->   Operation 87 'load' 'second_order_float_6' <Predicate = true> <Delay = 3.25> <Core = "ROM_1P_LUTRAM">   --->   Core 60 'ROM_1P_LUTRAM' <Latency = 1> <II = 1> <Delay = 3.25> <Storage> <Opcode : 'load'> <Ports = 1> <Width = 15> <Depth = 256> <ROM>
ST_10 : Operation 88 [1/1] (0.00ns)   --->   "%second_order_float_7 = getelementptr [256 x i15]* @second_order_float_s, i64 0, i64 %zext_ln498" [r:/builds/2019.1/continuous/2019_05_24_2552052/src/products/hls/hls_lib/hlsmath/src/common/hls_hotbm_float.cpp:30->r:/builds/2019.1/continuous/2019_05_24_2552052/src/products/hls/hls_lib/hlsmath/include/FloatingPoint\hls_hotbm.h:279]   --->   Operation 88 'getelementptr' 'second_order_float_7' <Predicate = true> <Delay = 0.00>
ST_10 : Operation 89 [2/2] (3.25ns)   --->   "%second_order_float_8 = load i15* %second_order_float_7, align 2" [r:/builds/2019.1/continuous/2019_05_24_2552052/src/products/hls/hls_lib/hlsmath/src/common/hls_hotbm_float.cpp:30->r:/builds/2019.1/continuous/2019_05_24_2552052/src/products/hls/hls_lib/hlsmath/include/FloatingPoint\hls_hotbm.h:279]   --->   Operation 89 'load' 'second_order_float_8' <Predicate = true> <Delay = 3.25> <Core = "ROM_1P_LUTRAM">   --->   Core 60 'ROM_1P_LUTRAM' <Latency = 1> <II = 1> <Delay = 3.25> <Storage> <Opcode : 'load'> <Ports = 1> <Width = 15> <Depth = 256> <ROM>

State 11 <SV = 10> <Delay = 6.38>
ST_11 : Operation 90 [1/1] (0.00ns)   --->   "%r_V = zext i15 %B_trunc_V to i30" [r:/builds/2019.1/continuous/2019_05_24_2552052/src/products/hls/hls_lib/hlsmath/src/common/hls_hotbm_float.cpp:23->r:/builds/2019.1/continuous/2019_05_24_2552052/src/products/hls/hls_lib/hlsmath/include/FloatingPoint\hls_hotbm.h:279]   --->   Operation 90 'zext' 'r_V' <Predicate = true> <Delay = 0.00>
ST_11 : Operation 91 [1/1] (6.38ns) (root node of the DSP)   --->   "%r_V_11 = mul i30 %r_V, %r_V" [r:/builds/2019.1/continuous/2019_05_24_2552052/src/products/hls/hls_lib/hlsmath/src/common/hls_hotbm_float.cpp:23->r:/builds/2019.1/continuous/2019_05_24_2552052/src/products/hls/hls_lib/hlsmath/include/FloatingPoint\hls_hotbm.h:279]   --->   Operation 91 'mul' 'r_V_11' <Predicate = true> <Delay = 6.38> <Core = "DSP48">   --->   Core 88 'DSP48' <Latency = 0> <II = 1> <Delay = 6.38> <IPBlock> <Opcode : 'mul' 'add' 'sub' 'select'> <InPorts = 0> <OutPorts = 1> <Sync> <CReg>
ST_11 : Operation 92 [1/1] (0.00ns)   --->   "%B_squared_V = call i15 @_ssdm_op_PartSelect.i15.i30.i32.i32(i30 %r_V_11, i32 15, i32 29)" [r:/builds/2019.1/continuous/2019_05_24_2552052/src/products/hls/hls_lib/hlsmath/src/common/hls_hotbm_float.cpp:23->r:/builds/2019.1/continuous/2019_05_24_2552052/src/products/hls/hls_lib/hlsmath/include/FloatingPoint\hls_hotbm.h:279]   --->   Operation 92 'partselect' 'B_squared_V' <Predicate = true> <Delay = 0.00>
ST_11 : Operation 93 [1/2] (3.25ns)   --->   "%p_Val2_13 = load i30* %second_order_float_4, align 4" [r:/builds/2019.1/continuous/2019_05_24_2552052/src/products/hls/hls_lib/hlsmath/src/common/hls_hotbm_float.cpp:28->r:/builds/2019.1/continuous/2019_05_24_2552052/src/products/hls/hls_lib/hlsmath/include/FloatingPoint\hls_hotbm.h:279]   --->   Operation 93 'load' 'p_Val2_13' <Predicate = true> <Delay = 3.25> <Core = "ROM_1P_LUTRAM">   --->   Core 60 'ROM_1P_LUTRAM' <Latency = 1> <II = 1> <Delay = 3.25> <Storage> <Opcode : 'load'> <Ports = 1> <Width = 15> <Depth = 256> <ROM>
ST_11 : Operation 94 [1/1] (0.00ns)   --->   "%t1_V = call i29 @_ssdm_op_PartSelect.i29.i30.i32.i32(i30 %p_Val2_13, i32 1, i32 29)" [r:/builds/2019.1/continuous/2019_05_24_2552052/src/products/hls/hls_lib/hlsmath/src/common/hls_hotbm_float.cpp:28->r:/builds/2019.1/continuous/2019_05_24_2552052/src/products/hls/hls_lib/hlsmath/include/FloatingPoint\hls_hotbm.h:279]   --->   Operation 94 'partselect' 't1_V' <Predicate = true> <Delay = 0.00>
ST_11 : Operation 95 [1/2] (3.25ns)   --->   "%second_order_float_6 = load i23* %second_order_float_5, align 4" [r:/builds/2019.1/continuous/2019_05_24_2552052/src/products/hls/hls_lib/hlsmath/src/common/hls_hotbm_float.cpp:29->r:/builds/2019.1/continuous/2019_05_24_2552052/src/products/hls/hls_lib/hlsmath/include/FloatingPoint\hls_hotbm.h:279]   --->   Operation 95 'load' 'second_order_float_6' <Predicate = true> <Delay = 3.25> <Core = "ROM_1P_LUTRAM">   --->   Core 60 'ROM_1P_LUTRAM' <Latency = 1> <II = 1> <Delay = 3.25> <Storage> <Opcode : 'load'> <Ports = 1> <Width = 15> <Depth = 256> <ROM>
ST_11 : Operation 96 [1/2] (3.25ns)   --->   "%second_order_float_8 = load i15* %second_order_float_7, align 2" [r:/builds/2019.1/continuous/2019_05_24_2552052/src/products/hls/hls_lib/hlsmath/src/common/hls_hotbm_float.cpp:30->r:/builds/2019.1/continuous/2019_05_24_2552052/src/products/hls/hls_lib/hlsmath/include/FloatingPoint\hls_hotbm.h:279]   --->   Operation 96 'load' 'second_order_float_8' <Predicate = true> <Delay = 3.25> <Core = "ROM_1P_LUTRAM">   --->   Core 60 'ROM_1P_LUTRAM' <Latency = 1> <II = 1> <Delay = 3.25> <Storage> <Opcode : 'load'> <Ports = 1> <Width = 15> <Depth = 256> <ROM>

State 12 <SV = 11> <Delay = 6.43>
ST_12 : Operation 97 [1/1] (0.00ns)   --->   "%r_V_4 = zext i22 %B_V to i45" [r:/builds/2019.1/continuous/2019_05_24_2552052/src/products/hls/hls_lib/hlsmath/src/common/hls_hotbm_float.cpp:29->r:/builds/2019.1/continuous/2019_05_24_2552052/src/products/hls/hls_lib/hlsmath/include/FloatingPoint\hls_hotbm.h:279]   --->   Operation 97 'zext' 'r_V_4' <Predicate = true> <Delay = 0.00>
ST_12 : Operation 98 [1/1] (0.00ns)   --->   "%sext_ln1072 = sext i23 %second_order_float_6 to i45" [r:/builds/2019.1/continuous/2019_05_24_2552052/src/products/hls/hls_lib/hlsmath/src/common/hls_hotbm_float.cpp:29->r:/builds/2019.1/continuous/2019_05_24_2552052/src/products/hls/hls_lib/hlsmath/include/FloatingPoint\hls_hotbm.h:279]   --->   Operation 98 'sext' 'sext_ln1072' <Predicate = true> <Delay = 0.00>
ST_12 : Operation 99 [1/1] (6.43ns)   --->   "%r_V_12 = mul nsw i45 %sext_ln1072, %r_V_4" [r:/builds/2019.1/continuous/2019_05_24_2552052/src/products/hls/hls_lib/hlsmath/src/common/hls_hotbm_float.cpp:29->r:/builds/2019.1/continuous/2019_05_24_2552052/src/products/hls/hls_lib/hlsmath/include/FloatingPoint\hls_hotbm.h:279]   --->   Operation 99 'mul' 'r_V_12' <Predicate = true> <Delay = 6.43> <Core = "Mul">   --->   Core 16 'Mul' <Latency = 0> <II = 1> <Delay = 7.97> <FuncUnit> <Opcode : 'mul'> <InPorts = 2> <OutPorts = 1>
ST_12 : Operation 100 [1/1] (0.00ns)   --->   "%trunc_ln4 = call i22 @_ssdm_op_PartSelect.i22.i45.i32.i32(i45 %r_V_12, i32 23, i32 44)" [r:/builds/2019.1/continuous/2019_05_24_2552052/src/products/hls/hls_lib/hlsmath/src/common/hls_hotbm_float.cpp:29->r:/builds/2019.1/continuous/2019_05_24_2552052/src/products/hls/hls_lib/hlsmath/include/FloatingPoint\hls_hotbm.h:279]   --->   Operation 100 'partselect' 'trunc_ln4' <Predicate = true> <Delay = 0.00>
ST_12 : Operation 101 [1/1] (0.00ns)   --->   "%r_V_6 = zext i15 %B_squared_V to i30" [r:/builds/2019.1/continuous/2019_05_24_2552052/src/products/hls/hls_lib/hlsmath/src/common/hls_hotbm_float.cpp:30->r:/builds/2019.1/continuous/2019_05_24_2552052/src/products/hls/hls_lib/hlsmath/include/FloatingPoint\hls_hotbm.h:279]   --->   Operation 101 'zext' 'r_V_6' <Predicate = true> <Delay = 0.00>
ST_12 : Operation 102 [1/1] (0.00ns)   --->   "%sext_ln1072_1 = sext i15 %second_order_float_8 to i30" [r:/builds/2019.1/continuous/2019_05_24_2552052/src/products/hls/hls_lib/hlsmath/src/common/hls_hotbm_float.cpp:30->r:/builds/2019.1/continuous/2019_05_24_2552052/src/products/hls/hls_lib/hlsmath/include/FloatingPoint\hls_hotbm.h:279]   --->   Operation 102 'sext' 'sext_ln1072_1' <Predicate = true> <Delay = 0.00>
ST_12 : Operation 103 [1/1] (6.38ns) (root node of the DSP)   --->   "%r_V_13 = mul i30 %r_V_6, %sext_ln1072_1" [r:/builds/2019.1/continuous/2019_05_24_2552052/src/products/hls/hls_lib/hlsmath/src/common/hls_hotbm_float.cpp:30->r:/builds/2019.1/continuous/2019_05_24_2552052/src/products/hls/hls_lib/hlsmath/include/FloatingPoint\hls_hotbm.h:279]   --->   Operation 103 'mul' 'r_V_13' <Predicate = true> <Delay = 6.38> <Core = "DSP48">   --->   Core 88 'DSP48' <Latency = 0> <II = 1> <Delay = 6.38> <IPBlock> <Opcode : 'mul' 'add' 'sub' 'select'> <InPorts = 0> <OutPorts = 1> <Sync> <CReg>
ST_12 : Operation 104 [1/1] (0.00ns)   --->   "%trunc_ln662_2 = call i14 @_ssdm_op_PartSelect.i14.i30.i32.i32(i30 %r_V_13, i32 16, i32 29)" [r:/builds/2019.1/continuous/2019_05_24_2552052/src/products/hls/hls_lib/hlsmath/src/common/hls_hotbm_float.cpp:30->r:/builds/2019.1/continuous/2019_05_24_2552052/src/products/hls/hls_lib/hlsmath/include/FloatingPoint\hls_hotbm.h:279]   --->   Operation 104 'partselect' 'trunc_ln662_2' <Predicate = true> <Delay = 0.00>

State 13 <SV = 12> <Delay = 4.31>
ST_13 : Operation 105 [1/1] (0.00ns) (grouped into LUT with out node cos_basis)   --->   "%xor_ln271 = xor i1 %tmp, true" [r:/builds/2019.1/continuous/2019_05_24_2552052/src/products/hls/hls_lib/hlsmath/include/FloatingPoint\hls_hotbm.h:271]   --->   Operation 105 'xor' 'xor_ln271' <Predicate = (do_cos_read)> <Delay = 0.00> <Core = "LogicGate">   --->   Core 27 'LogicGate' <Latency = 0> <II = 1> <Delay = 0.97> <FuncUnit> <Opcode : 'and' 'or' 'xor'> <InPorts = 2> <OutPorts = 1>
ST_13 : Operation 106 [1/1] (0.99ns) (out node of the LUT)   --->   "%cos_basis = select i1 %do_cos_read, i1 %xor_ln271, i1 %tmp" [r:/builds/2019.1/continuous/2019_05_24_2552052/src/products/hls/hls_lib/hlsmath/include/FloatingPoint\hls_hotbm.h:271]   --->   Operation 106 'select' 'cos_basis' <Predicate = true> <Delay = 0.99> <Core = "Sel">   --->   Core 26 'Sel' <Latency = 0> <II = 1> <Delay = 0.69> <FuncUnit> <Opcode : 'select'> <InPorts = 3> <OutPorts = 1>
ST_13 : Operation 107 [1/1] (0.80ns)   --->   "%select_ln272_1 = select i1 %cos_basis, i29 -1, i29 %Mx_V" [r:/builds/2019.1/continuous/2019_05_24_2552052/src/products/hls/hls_lib/hlsmath/include/FloatingPoint\hls_hotbm.h:272]   --->   Operation 107 'select' 'select_ln272_1' <Predicate = true> <Delay = 0.80> <Core = "Sel">   --->   Core 26 'Sel' <Latency = 0> <II = 1> <Delay = 0.69> <FuncUnit> <Opcode : 'select'> <InPorts = 3> <OutPorts = 1>
ST_13 : Operation 108 [1/1] (0.00ns)   --->   "%lhs_V = sext i29 %t1_V to i30" [r:/builds/2019.1/continuous/2019_05_24_2552052/src/products/hls/hls_lib/hlsmath/src/common/hls_hotbm_float.cpp:32->r:/builds/2019.1/continuous/2019_05_24_2552052/src/products/hls/hls_lib/hlsmath/include/FloatingPoint\hls_hotbm.h:279]   --->   Operation 108 'sext' 'lhs_V' <Predicate = true> <Delay = 0.00>
ST_13 : Operation 109 [1/1] (0.00ns)   --->   "%rhs_V_2 = sext i22 %trunc_ln4 to i30" [r:/builds/2019.1/continuous/2019_05_24_2552052/src/products/hls/hls_lib/hlsmath/src/common/hls_hotbm_float.cpp:32->r:/builds/2019.1/continuous/2019_05_24_2552052/src/products/hls/hls_lib/hlsmath/include/FloatingPoint\hls_hotbm.h:279]   --->   Operation 109 'sext' 'rhs_V_2' <Predicate = true> <Delay = 0.00>
ST_13 : Operation 110 [1/1] (0.00ns) (grouped into TernaryAdder)   --->   "%ret_V_9 = add nsw i30 %lhs_V, %rhs_V_2" [r:/builds/2019.1/continuous/2019_05_24_2552052/src/products/hls/hls_lib/hlsmath/src/common/hls_hotbm_float.cpp:32->r:/builds/2019.1/continuous/2019_05_24_2552052/src/products/hls/hls_lib/hlsmath/include/FloatingPoint\hls_hotbm.h:279]   --->   Operation 110 'add' 'ret_V_9' <Predicate = true> <Delay = 0.00> <Core = "TAddSub">   --->   Core 83 'TAddSub' <Latency = 0> <II = 1> <Delay = 2.15> <IPBlock> <Opcode : 'add' 'sub'> <InPorts = 3> <OutPorts = 1> <Sync> <CReg>
ST_13 : Operation 111 [1/1] (0.00ns)   --->   "%sext_ln657 = sext i14 %trunc_ln662_2 to i30" [r:/builds/2019.1/continuous/2019_05_24_2552052/src/products/hls/hls_lib/hlsmath/src/common/hls_hotbm_float.cpp:32->r:/builds/2019.1/continuous/2019_05_24_2552052/src/products/hls/hls_lib/hlsmath/include/FloatingPoint\hls_hotbm.h:279]   --->   Operation 111 'sext' 'sext_ln657' <Predicate = true> <Delay = 0.00>
ST_13 : Operation 112 [1/1] (4.31ns) (root node of TernaryAdder)   --->   "%ret_V_5 = add i30 %ret_V_9, %sext_ln657" [r:/builds/2019.1/continuous/2019_05_24_2552052/src/products/hls/hls_lib/hlsmath/src/common/hls_hotbm_float.cpp:32->r:/builds/2019.1/continuous/2019_05_24_2552052/src/products/hls/hls_lib/hlsmath/include/FloatingPoint\hls_hotbm.h:279]   --->   Operation 112 'add' 'ret_V_5' <Predicate = true> <Delay = 4.31> <Core = "TAddSub">   --->   Core 83 'TAddSub' <Latency = 0> <II = 1> <Delay = 2.15> <IPBlock> <Opcode : 'add' 'sub'> <InPorts = 3> <OutPorts = 1> <Sync> <CReg>

State 14 <SV = 13> <Delay = 7.97>
ST_14 : Operation 113 [1/1] (0.00ns) (grouped into LUT with out node ret_V)   --->   "%select_ln272 = select i1 %cos_basis, i8 0, i8 %Ex_V" [r:/builds/2019.1/continuous/2019_05_24_2552052/src/products/hls/hls_lib/hlsmath/include/FloatingPoint\hls_hotbm.h:272]   --->   Operation 113 'select' 'select_ln272' <Predicate = true> <Delay = 0.00> <Core = "Sel">   --->   Core 26 'Sel' <Latency = 0> <II = 1> <Delay = 0.69> <FuncUnit> <Opcode : 'select'> <InPorts = 3> <OutPorts = 1>
ST_14 : Operation 114 [1/1] (0.00ns)   --->   "%sext_ln1070 = sext i30 %ret_V_5 to i58" [r:/builds/2019.1/continuous/2019_05_24_2552052/src/products/hls/hls_lib/hlsmath/src/common/hls_hotbm_float.cpp:32->r:/builds/2019.1/continuous/2019_05_24_2552052/src/products/hls/hls_lib/hlsmath/include/FloatingPoint\hls_hotbm.h:279]   --->   Operation 114 'sext' 'sext_ln1070' <Predicate = true> <Delay = 0.00>
ST_14 : Operation 115 [1/1] (0.00ns)   --->   "%zext_ln1072 = zext i29 %select_ln272_1 to i58" [r:/builds/2019.1/continuous/2019_05_24_2552052/src/products/hls/hls_lib/hlsmath/src/common/hls_hotbm_float.cpp:32->r:/builds/2019.1/continuous/2019_05_24_2552052/src/products/hls/hls_lib/hlsmath/include/FloatingPoint\hls_hotbm.h:279]   --->   Operation 115 'zext' 'zext_ln1072' <Predicate = true> <Delay = 0.00>
ST_14 : Operation 116 [1/1] (7.97ns)   --->   "%r_V_14 = mul i58 %sext_ln1070, %zext_ln1072" [r:/builds/2019.1/continuous/2019_05_24_2552052/src/products/hls/hls_lib/hlsmath/src/common/hls_hotbm_float.cpp:32->r:/builds/2019.1/continuous/2019_05_24_2552052/src/products/hls/hls_lib/hlsmath/include/FloatingPoint\hls_hotbm.h:279]   --->   Operation 116 'mul' 'r_V_14' <Predicate = true> <Delay = 7.97> <Core = "Mul">   --->   Core 16 'Mul' <Latency = 0> <II = 1> <Delay = 7.97> <FuncUnit> <Opcode : 'mul'> <InPorts = 2> <OutPorts = 1>
ST_14 : Operation 117 [1/1] (0.00ns)   --->   "%result_V = call i29 @_ssdm_op_PartSelect.i29.i58.i32.i32(i58 %r_V_14, i32 29, i32 57)" [r:/builds/2019.1/continuous/2019_05_24_2552052/src/products/hls/hls_lib/hlsmath/src/common/hls_hotbm_float.cpp:32->r:/builds/2019.1/continuous/2019_05_24_2552052/src/products/hls/hls_lib/hlsmath/include/FloatingPoint\hls_hotbm.h:279]   --->   Operation 117 'partselect' 'result_V' <Predicate = true> <Delay = 0.00>
ST_14 : Operation 118 [1/1] (0.00ns) (grouped into LUT with out node ret_V)   --->   "%rhs_V = sext i8 %select_ln272 to i9" [r:/builds/2019.1/continuous/2019_05_24_2552052/src/products/hls/hls_lib/hlsmath/include/FloatingPoint\hls_hotbm.h:281]   --->   Operation 118 'sext' 'rhs_V' <Predicate = true> <Delay = 0.00>
ST_14 : Operation 119 [1/1] (1.91ns) (out node of the LUT)   --->   "%ret_V = sub i9 0, %rhs_V" [r:/builds/2019.1/continuous/2019_05_24_2552052/src/products/hls/hls_lib/hlsmath/include/FloatingPoint\hls_hotbm.h:281]   --->   Operation 119 'sub' 'ret_V' <Predicate = true> <Delay = 1.91> <Core = "AddSub">   --->   Core 14 'AddSub' <Latency = 0> <II = 1> <Delay = 1.91> <FuncUnit> <Opcode : 'add' 'sub'> <InPorts = 2> <OutPorts = 1>
ST_14 : Operation 120 [2/2] (0.00ns)   --->   "%resultf = call fastcc float @scaled_fixed2ieee.1(i29 %result_V, i9 %ret_V) nounwind" [r:/builds/2019.1/continuous/2019_05_24_2552052/src/products/hls/hls_lib/hlsmath/include/FloatingPoint\hls_hotbm.h:281]   --->   Operation 120 'call' 'resultf' <Predicate = true> <Delay = 0.00> <CoreType = "Generic">   --->   Core 0 '' <Latency = 0> <II = 1> <Delay = 1.00> <Generic> <Opcode : >

State 15 <SV = 14> <Delay = 8.66>
ST_15 : Operation 121 [1/2] (6.60ns)   --->   "%resultf = call fastcc float @scaled_fixed2ieee.1(i29 %result_V, i9 %ret_V) nounwind" [r:/builds/2019.1/continuous/2019_05_24_2552052/src/products/hls/hls_lib/hlsmath/include/FloatingPoint\hls_hotbm.h:281]   --->   Operation 121 'call' 'resultf' <Predicate = true> <Delay = 6.60> <CoreType = "Generic">   --->   Core 0 '' <Latency = 0> <II = 1> <Delay = 1.00> <Generic> <Opcode : >
ST_15 : Operation 122 [1/1] (0.00ns)   --->   "%p_Val2_20 = bitcast float %resultf to i32" [r:/builds/2019.1/continuous/2019_05_24_2552052/src/products/hls/hls_lib/src/hls\utils/x_hls_utils.h:310->r:/builds/2019.1/continuous/2019_05_24_2552052/src/products/hls/hls_lib/src/hls\utils/x_hls_utils.h:319->r:/builds/2019.1/continuous/2019_05_24_2552052/src/products/hls/hls_lib/hlsmath/include/FloatingPoint\hls_hotbm.h:288]   --->   Operation 122 'bitcast' 'p_Val2_20' <Predicate = true> <Delay = 0.00>
ST_15 : Operation 123 [1/1] (0.00ns) (grouped into LUT with out node select_ln311)   --->   "%p_Result_19 = call i1 @_ssdm_op_BitSelect.i1.i32.i32(i32 %p_Val2_20, i32 31)" [r:/builds/2019.1/continuous/2019_05_24_2552052/src/products/hls/hls_lib/src/hls\utils/x_hls_utils.h:316->r:/builds/2019.1/continuous/2019_05_24_2552052/src/products/hls/hls_lib/src/hls\utils/x_hls_utils.h:319->r:/builds/2019.1/continuous/2019_05_24_2552052/src/products/hls/hls_lib/hlsmath/include/FloatingPoint\hls_hotbm.h:288]   --->   Operation 123 'bitselect' 'p_Result_19' <Predicate = true> <Delay = 0.00>
ST_15 : Operation 124 [1/1] (0.00ns) (grouped into LUT with out node ret_V_6)   --->   "%tmp_V_2 = call i8 @_ssdm_op_PartSelect.i8.i32.i32.i32(i32 %p_Val2_20, i32 23, i32 30)" [r:/builds/2019.1/continuous/2019_05_24_2552052/src/products/hls/hls_lib/src/hls\utils/x_hls_utils.h:317->r:/builds/2019.1/continuous/2019_05_24_2552052/src/products/hls/hls_lib/src/hls\utils/x_hls_utils.h:319->r:/builds/2019.1/continuous/2019_05_24_2552052/src/products/hls/hls_lib/hlsmath/include/FloatingPoint\hls_hotbm.h:288]   --->   Operation 124 'partselect' 'tmp_V_2' <Predicate = (!icmp_ln833_2)> <Delay = 0.00>
ST_15 : Operation 125 [1/1] (0.00ns) (grouped into LUT with out node ret_V_7)   --->   "%tmp_V_3 = trunc i32 %p_Val2_20 to i23" [r:/builds/2019.1/continuous/2019_05_24_2552052/src/products/hls/hls_lib/src/hls\utils/x_hls_utils.h:318->r:/builds/2019.1/continuous/2019_05_24_2552052/src/products/hls/hls_lib/src/hls\utils/x_hls_utils.h:319->r:/builds/2019.1/continuous/2019_05_24_2552052/src/products/hls/hls_lib/hlsmath/include/FloatingPoint\hls_hotbm.h:288]   --->   Operation 125 'trunc' 'tmp_V_3' <Predicate = true> <Delay = 0.00>
ST_15 : Operation 126 [1/1] (0.00ns)   --->   "%p_Result_20 = call i4 @_ssdm_op_BitConcatenate.i4.i1.i3(i1 %p_Result_s, i3 %p_Val2_25)" [r:/builds/2019.1/continuous/2019_05_24_2552052/src/products/hls/hls_lib/hlsmath/include/FloatingPoint\hls_hotbm.h:295]   --->   Operation 126 'bitconcatenate' 'p_Result_20' <Predicate = true> <Delay = 0.00>
ST_15 : Operation 127 [1/1] (0.00ns) (grouped into LUT with out node select_ln311)   --->   "%tmp_s = call i1 @_ssdm_op_Mux.ap_auto.16i1.i4(i1 false, i1 false, i1 false, i1 true, i1 true, i1 true, i1 true, i1 false, i1 false, i1 true, i1 true, i1 true, i1 true, i1 false, i1 false, i1 false, i4 %p_Result_20) nounwind" [r:/builds/2019.1/continuous/2019_05_24_2552052/src/products/hls/hls_lib/hlsmath/include/FloatingPoint\hls_hotbm.h:296]   --->   Operation 127 'mux' 'tmp_s' <Predicate = (cos_basis)> <Delay = 0.00> <Core = "MuxnS">   --->   Core 31 'MuxnS' <Latency = 0> <II = 1> <Delay = 2.06> <FuncUnit> <Opcode : 'mux'> <InPorts = 2> <OutPorts = 1>
ST_15 : Operation 128 [1/1] (0.00ns) (grouped into LUT with out node select_ln311)   --->   "%tmp_2 = call i1 @_ssdm_op_Mux.ap_auto.16i1.i4(i1 false, i1 false, i1 true, i1 false, i1 true, i1 true, i1 false, i1 true, i1 true, i1 false, i1 true, i1 true, i1 false, i1 true, i1 false, i1 false, i4 %p_Result_20) nounwind" [r:/builds/2019.1/continuous/2019_05_24_2552052/src/products/hls/hls_lib/hlsmath/include/FloatingPoint\hls_hotbm.h:296]   --->   Operation 128 'mux' 'tmp_2' <Predicate = (!cos_basis)> <Delay = 0.00> <Core = "MuxnS">   --->   Core 31 'MuxnS' <Latency = 0> <II = 1> <Delay = 2.06> <FuncUnit> <Opcode : 'mux'> <InPorts = 2> <OutPorts = 1>
ST_15 : Operation 129 [1/1] (0.00ns) (grouped into LUT with out node select_ln311)   --->   "%select_ln271 = select i1 %cos_basis, i1 %tmp_s, i1 %tmp_2" [r:/builds/2019.1/continuous/2019_05_24_2552052/src/products/hls/hls_lib/hlsmath/include/FloatingPoint\hls_hotbm.h:271]   --->   Operation 129 'select' 'select_ln271' <Predicate = true> <Delay = 0.00> <Core = "Sel">   --->   Core 26 'Sel' <Latency = 0> <II = 1> <Delay = 0.69> <FuncUnit> <Opcode : 'select'> <InPorts = 3> <OutPorts = 1>
ST_15 : Operation 130 [1/1] (0.97ns)   --->   "%and_ln300 = and i1 %icmp_ln833, %icmp_ln833_1" [r:/builds/2019.1/continuous/2019_05_24_2552052/src/products/hls/hls_lib/hlsmath/include/FloatingPoint\hls_hotbm.h:300]   --->   Operation 130 'and' 'and_ln300' <Predicate = true> <Delay = 0.97> <Core = "LogicGate">   --->   Core 27 'LogicGate' <Latency = 0> <II = 1> <Delay = 0.97> <FuncUnit> <Opcode : 'and' 'or' 'xor'> <InPorts = 2> <OutPorts = 1>
ST_15 : Operation 131 [1/1] (0.00ns) (grouped into LUT with out node ret_V_6)   --->   "%select_ln307 = select i1 %do_cos_read, i8 127, i8 0" [r:/builds/2019.1/continuous/2019_05_24_2552052/src/products/hls/hls_lib/hlsmath/include/FloatingPoint\hls_hotbm.h:307]   --->   Operation 131 'select' 'select_ln307' <Predicate = true> <Delay = 0.00> <Core = "Sel">   --->   Core 26 'Sel' <Latency = 0> <II = 1> <Delay = 0.69> <FuncUnit> <Opcode : 'select'> <InPorts = 3> <OutPorts = 1>
ST_15 : Operation 132 [1/1] (0.00ns) (grouped into LUT with out node select_ln311)   --->   "%xor_ln311 = xor i1 %icmp_ln833_2, true" [r:/builds/2019.1/continuous/2019_05_24_2552052/src/products/hls/hls_lib/hlsmath/include/FloatingPoint\hls_hotbm.h:311]   --->   Operation 132 'xor' 'xor_ln311' <Predicate = true> <Delay = 0.00> <Core = "LogicGate">   --->   Core 27 'LogicGate' <Latency = 0> <II = 1> <Delay = 0.97> <FuncUnit> <Opcode : 'and' 'or' 'xor'> <InPorts = 2> <OutPorts = 1>
ST_15 : Operation 133 [1/1] (0.00ns) (grouped into LUT with out node select_ln311)   --->   "%or_ln311 = or i1 %icmp_ln833_2, %select_ln271" [r:/builds/2019.1/continuous/2019_05_24_2552052/src/products/hls/hls_lib/hlsmath/include/FloatingPoint\hls_hotbm.h:311]   --->   Operation 133 'or' 'or_ln311' <Predicate = true> <Delay = 0.00> <Core = "LogicGate">   --->   Core 27 'LogicGate' <Latency = 0> <II = 1> <Delay = 0.97> <FuncUnit> <Opcode : 'and' 'or' 'xor'> <InPorts = 2> <OutPorts = 1>
ST_15 : Operation 134 [1/1] (2.06ns) (out node of the LUT)   --->   "%select_ln311 = select i1 %or_ln311, i1 %xor_ln311, i1 %p_Result_19" [r:/builds/2019.1/continuous/2019_05_24_2552052/src/products/hls/hls_lib/hlsmath/include/FloatingPoint\hls_hotbm.h:311]   --->   Operation 134 'select' 'select_ln311' <Predicate = true> <Delay = 2.06> <Core = "Sel">   --->   Core 26 'Sel' <Latency = 0> <II = 1> <Delay = 0.69> <FuncUnit> <Opcode : 'select'> <InPorts = 3> <OutPorts = 1>
ST_15 : Operation 135 [1/1] (0.00ns) (grouped into LUT with out node ret_V_6)   --->   "%select_ln311_1 = select i1 %icmp_ln833_2, i8 -1, i8 %tmp_V_2" [r:/builds/2019.1/continuous/2019_05_24_2552052/src/products/hls/hls_lib/hlsmath/include/FloatingPoint\hls_hotbm.h:311]   --->   Operation 135 'select' 'select_ln311_1' <Predicate = true> <Delay = 0.00> <Core = "Sel">   --->   Core 26 'Sel' <Latency = 0> <II = 1> <Delay = 0.69> <FuncUnit> <Opcode : 'select'> <InPorts = 3> <OutPorts = 1>
ST_15 : Operation 136 [1/1] (1.24ns) (out node of the LUT)   --->   "%ret_V_6 = select i1 %and_ln300, i8 %select_ln307, i8 %select_ln311_1" [r:/builds/2019.1/continuous/2019_05_24_2552052/src/products/hls/hls_lib/hlsmath/include/FloatingPoint\hls_hotbm.h:300]   --->   Operation 136 'select' 'ret_V_6' <Predicate = true> <Delay = 1.24> <Core = "Sel">   --->   Core 26 'Sel' <Latency = 0> <II = 1> <Delay = 0.69> <FuncUnit> <Opcode : 'select'> <InPorts = 3> <OutPorts = 1>
ST_15 : Operation 137 [1/1] (0.00ns) (grouped into LUT with out node ret_V_7)   --->   "%and_ln300_1 = and i1 %icmp_ln833, %icmp_ln833_1" [r:/builds/2019.1/continuous/2019_05_24_2552052/src/products/hls/hls_lib/hlsmath/include/FloatingPoint\hls_hotbm.h:300]   --->   Operation 137 'and' 'and_ln300_1' <Predicate = true> <Delay = 0.00> <Core = "LogicGate">   --->   Core 27 'LogicGate' <Latency = 0> <II = 1> <Delay = 0.97> <FuncUnit> <Opcode : 'and' 'or' 'xor'> <InPorts = 2> <OutPorts = 1>
ST_15 : Operation 138 [1/1] (0.00ns) (grouped into LUT with out node ret_V_7)   --->   "%xor_ln300 = xor i1 %and_ln300_1, true" [r:/builds/2019.1/continuous/2019_05_24_2552052/src/products/hls/hls_lib/hlsmath/include/FloatingPoint\hls_hotbm.h:300]   --->   Operation 138 'xor' 'xor_ln300' <Predicate = true> <Delay = 0.00> <Core = "LogicGate">   --->   Core 27 'LogicGate' <Latency = 0> <II = 1> <Delay = 0.97> <FuncUnit> <Opcode : 'and' 'or' 'xor'> <InPorts = 2> <OutPorts = 1>
ST_15 : Operation 139 [1/1] (0.00ns) (grouped into LUT with out node ret_V_7)   --->   "%select_ln300_2 = select i1 %xor_ln300, i23 -1, i23 0" [r:/builds/2019.1/continuous/2019_05_24_2552052/src/products/hls/hls_lib/hlsmath/include/FloatingPoint\hls_hotbm.h:300]   --->   Operation 139 'select' 'select_ln300_2' <Predicate = true> <Delay = 0.00> <Core = "Sel">   --->   Core 26 'Sel' <Latency = 0> <II = 1> <Delay = 0.69> <FuncUnit> <Opcode : 'select'> <InPorts = 3> <OutPorts = 1>
ST_15 : Operation 140 [1/1] (0.00ns) (grouped into LUT with out node ret_V_7)   --->   "%or_ln300 = or i1 %and_ln300, %icmp_ln833_2" [r:/builds/2019.1/continuous/2019_05_24_2552052/src/products/hls/hls_lib/hlsmath/include/FloatingPoint\hls_hotbm.h:300]   --->   Operation 140 'or' 'or_ln300' <Predicate = true> <Delay = 0.00> <Core = "LogicGate">   --->   Core 27 'LogicGate' <Latency = 0> <II = 1> <Delay = 0.97> <FuncUnit> <Opcode : 'and' 'or' 'xor'> <InPorts = 2> <OutPorts = 1>
ST_15 : Operation 141 [1/1] (0.99ns) (out node of the LUT)   --->   "%ret_V_7 = select i1 %or_ln300, i23 %select_ln300_2, i23 %tmp_V_3" [r:/builds/2019.1/continuous/2019_05_24_2552052/src/products/hls/hls_lib/hlsmath/include/FloatingPoint\hls_hotbm.h:300]   --->   Operation 141 'select' 'ret_V_7' <Predicate = true> <Delay = 0.99> <Core = "Sel">   --->   Core 26 'Sel' <Latency = 0> <II = 1> <Delay = 0.69> <FuncUnit> <Opcode : 'select'> <InPorts = 3> <OutPorts = 1>

State 16 <SV = 15> <Delay = 0.99>
ST_16 : Operation 142 [1/1] (0.00ns)   --->   "call void (...)* @_ssdm_op_SpecMemCore([13 x i100]* @ref_4oPi_table_100_V, [1 x i8]* @p_str52108, [14 x i8]* @p_str56112, [1 x i8]* @p_str52108, i32 -1, [1 x i8]* @p_str52108, [1 x i8]* @p_str52108, [1 x i8]* @p_str52108, [1 x i8]* @p_str52108, [1 x i8]* @p_str52108) nounwind" [r:/builds/2019.1/continuous/2019_05_24_2552052/src/products/hls/hls_lib/hlsmath/include/FloatingPoint/hls_range_redux.h:404->r:/builds/2019.1/continuous/2019_05_24_2552052/src/products/hls/hls_lib/hlsmath/include/FloatingPoint/hls_range_redux.h:496->r:/builds/2019.1/continuous/2019_05_24_2552052/src/products/hls/hls_lib/hlsmath/include/FloatingPoint\hls_hotbm.h:268]   --->   Operation 142 'specmemcore' <Predicate = true> <Delay = 0.00>
ST_16 : Operation 143 [1/1] (0.00ns)   --->   "call void (...)* @_ssdm_op_SpecMemCore([256 x i30]* @second_order_float_2, [1 x i8]* @p_str11951650, [14 x i8]* @p_str11961651, [1 x i8]* @p_str11951650, i32 -1, [1 x i8]* @p_str11951650, [1 x i8]* @p_str11951650, [1 x i8]* @p_str11951650, [1 x i8]* @p_str11951650, [1 x i8]* @p_str11951650) nounwind" [r:/builds/2019.1/continuous/2019_05_24_2552052/src/products/hls/hls_lib/hlsmath/src/common/hls_hotbm_float.cpp:16->r:/builds/2019.1/continuous/2019_05_24_2552052/src/products/hls/hls_lib/hlsmath/include/FloatingPoint\hls_hotbm.h:279]   --->   Operation 143 'specmemcore' <Predicate = true> <Delay = 0.00>
ST_16 : Operation 144 [1/1] (0.00ns)   --->   "call void (...)* @_ssdm_op_SpecMemCore([256 x i23]* @second_order_float_3, [1 x i8]* @p_str11951650, [14 x i8]* @p_str11961651, [1 x i8]* @p_str11951650, i32 -1, [1 x i8]* @p_str11951650, [1 x i8]* @p_str11951650, [1 x i8]* @p_str11951650, [1 x i8]* @p_str11951650, [1 x i8]* @p_str11951650) nounwind" [r:/builds/2019.1/continuous/2019_05_24_2552052/src/products/hls/hls_lib/hlsmath/src/common/hls_hotbm_float.cpp:17->r:/builds/2019.1/continuous/2019_05_24_2552052/src/products/hls/hls_lib/hlsmath/include/FloatingPoint\hls_hotbm.h:279]   --->   Operation 144 'specmemcore' <Predicate = true> <Delay = 0.00>
ST_16 : Operation 145 [1/1] (0.00ns)   --->   "call void (...)* @_ssdm_op_SpecMemCore([256 x i15]* @second_order_float_s, [1 x i8]* @p_str11951650, [14 x i8]* @p_str11961651, [1 x i8]* @p_str11951650, i32 -1, [1 x i8]* @p_str11951650, [1 x i8]* @p_str11951650, [1 x i8]* @p_str11951650, [1 x i8]* @p_str11951650, [1 x i8]* @p_str11951650) nounwind" [r:/builds/2019.1/continuous/2019_05_24_2552052/src/products/hls/hls_lib/hlsmath/src/common/hls_hotbm_float.cpp:18->r:/builds/2019.1/continuous/2019_05_24_2552052/src/products/hls/hls_lib/hlsmath/include/FloatingPoint\hls_hotbm.h:279]   --->   Operation 145 'specmemcore' <Predicate = true> <Delay = 0.00>
ST_16 : Operation 146 [1/1] (0.00ns) (grouped into LUT with out node p_Repl2_3)   --->   "%and_ln307 = and i1 %p_Result_s, %xor_ln25" [r:/builds/2019.1/continuous/2019_05_24_2552052/src/products/hls/hls_lib/hlsmath/include/FloatingPoint\hls_hotbm.h:307]   --->   Operation 146 'and' 'and_ln307' <Predicate = (and_ln300)> <Delay = 0.00> <Core = "LogicGate">   --->   Core 27 'LogicGate' <Latency = 0> <II = 1> <Delay = 0.97> <FuncUnit> <Opcode : 'and' 'or' 'xor'> <InPorts = 2> <OutPorts = 1>
ST_16 : Operation 147 [1/1] (0.99ns) (out node of the LUT)   --->   "%p_Repl2_3 = select i1 %and_ln300, i1 %and_ln307, i1 %select_ln311" [r:/builds/2019.1/continuous/2019_05_24_2552052/src/products/hls/hls_lib/hlsmath/include/FloatingPoint\hls_hotbm.h:300]   --->   Operation 147 'select' 'p_Repl2_3' <Predicate = true> <Delay = 0.99> <Core = "Sel">   --->   Core 26 'Sel' <Latency = 0> <II = 1> <Delay = 0.69> <FuncUnit> <Opcode : 'select'> <InPorts = 3> <OutPorts = 1>
ST_16 : Operation 148 [1/1] (0.00ns)   --->   "%p_Result_21 = call i32 @_ssdm_op_BitConcatenate.i32.i1.i8.i23(i1 %p_Repl2_3, i8 %ret_V_6, i23 %ret_V_7) nounwind" [r:/builds/2019.1/continuous/2019_05_24_2552052/src/products/hls/hls_lib/src/hls\utils/x_hls_utils.h:335->r:/builds/2019.1/continuous/2019_05_24_2552052/src/products/hls/hls_lib/src/hls\utils/x_hls_utils.h:348->r:/builds/2019.1/continuous/2019_05_24_2552052/src/products/hls/hls_lib/src/hls\utils/x_hls_utils.h:369->r:/builds/2019.1/continuous/2019_05_24_2552052/src/products/hls/hls_lib/hlsmath/include/FloatingPoint\hls_hotbm.h:316]   --->   Operation 148 'bitconcatenate' 'p_Result_21' <Predicate = true> <Delay = 0.00>
ST_16 : Operation 149 [1/1] (0.00ns)   --->   "%bitcast_ln348 = bitcast i32 %p_Result_21 to float" [r:/builds/2019.1/continuous/2019_05_24_2552052/src/products/hls/hls_lib/src/hls\utils/x_hls_utils.h:348->r:/builds/2019.1/continuous/2019_05_24_2552052/src/products/hls/hls_lib/src/hls\utils/x_hls_utils.h:369->r:/builds/2019.1/continuous/2019_05_24_2552052/src/products/hls/hls_lib/hlsmath/include/FloatingPoint\hls_hotbm.h:316]   --->   Operation 149 'bitcast' 'bitcast_ln348' <Predicate = true> <Delay = 0.00>
ST_16 : Operation 150 [1/1] (0.00ns)   --->   "ret float %bitcast_ln348" [r:/builds/2019.1/continuous/2019_05_24_2552052/src/products/hls/hls_lib/hlsmath/include/FloatingPoint\hls_hotbm.h:316]   --->   Operation 150 'ret' <Predicate = true> <Delay = 0.00>


============================================================
+ Verbose Summary: Timing violations
============================================================
Target clock period: 10ns, clock uncertainty: 1.25ns.

 <State 1>: 6.42ns
The critical path consists of the following:
	wire read on port 't_in' (r:/builds/2019.1/continuous/2019_05_24_2552052/src/products/hls/hls_lib/hlsmath/include/FloatingPoint\hls_hotbm.h:238) [8]  (0 ns)
	'add' operation ('add_ln114_1', r:/builds/2019.1/continuous/2019_05_24_2552052/src/products/hls/hls_lib/hlsmath/include/FloatingPoint/hls_range_redux.h:405->r:/builds/2019.1/continuous/2019_05_24_2552052/src/products/hls/hls_lib/hlsmath/include/FloatingPoint/hls_range_redux.h:496->r:/builds/2019.1/continuous/2019_05_24_2552052/src/products/hls/hls_lib/hlsmath/include/FloatingPoint\hls_hotbm.h:268) [18]  (1.92 ns)
	'select' operation ('addr.V', r:/builds/2019.1/continuous/2019_05_24_2552052/src/products/hls/hls_lib/hlsmath/include/FloatingPoint/hls_range_redux.h:405->r:/builds/2019.1/continuous/2019_05_24_2552052/src/products/hls/hls_lib/hlsmath/include/FloatingPoint/hls_range_redux.h:496->r:/builds/2019.1/continuous/2019_05_24_2552052/src/products/hls/hls_lib/hlsmath/include/FloatingPoint\hls_hotbm.h:268) [19]  (1.25 ns)
	'getelementptr' operation ('ref_4oPi_table_100_V_1', r:/builds/2019.1/continuous/2019_05_24_2552052/src/products/hls/hls_lib/hlsmath/include/FloatingPoint/hls_range_redux.h:407->r:/builds/2019.1/continuous/2019_05_24_2552052/src/products/hls/hls_lib/hlsmath/include/FloatingPoint/hls_range_redux.h:496->r:/builds/2019.1/continuous/2019_05_24_2552052/src/products/hls/hls_lib/hlsmath/include/FloatingPoint\hls_hotbm.h:268) [22]  (0 ns)
	'load' operation ('table_100.V', r:/builds/2019.1/continuous/2019_05_24_2552052/src/products/hls/hls_lib/hlsmath/include/FloatingPoint/hls_range_redux.h:407->r:/builds/2019.1/continuous/2019_05_24_2552052/src/products/hls/hls_lib/hlsmath/include/FloatingPoint/hls_range_redux.h:496->r:/builds/2019.1/continuous/2019_05_24_2552052/src/products/hls/hls_lib/hlsmath/include/FloatingPoint\hls_hotbm.h:268) on array 'ref_4oPi_table_100_V' [23]  (3.25 ns)

 <State 2>: 8.03ns
The critical path consists of the following:
	'load' operation ('table_100.V', r:/builds/2019.1/continuous/2019_05_24_2552052/src/products/hls/hls_lib/hlsmath/include/FloatingPoint/hls_range_redux.h:407->r:/builds/2019.1/continuous/2019_05_24_2552052/src/products/hls/hls_lib/hlsmath/include/FloatingPoint/hls_range_redux.h:496->r:/builds/2019.1/continuous/2019_05_24_2552052/src/products/hls/hls_lib/hlsmath/include/FloatingPoint\hls_hotbm.h:268) on array 'ref_4oPi_table_100_V' [23]  (3.25 ns)
	'shl' operation ('r.V', r:/builds/2019.1/continuous/2019_05_24_2552052/src/products/hls/hls_lib/hlsmath/include/FloatingPoint/hls_range_redux.h:408->r:/builds/2019.1/continuous/2019_05_24_2552052/src/products/hls/hls_lib/hlsmath/include/FloatingPoint/hls_range_redux.h:496->r:/builds/2019.1/continuous/2019_05_24_2552052/src/products/hls/hls_lib/hlsmath/include/FloatingPoint\hls_hotbm.h:268) [26]  (4.77 ns)

 <State 3>: 6.98ns
The critical path consists of the following:
	'mul' operation ('ret.V', r:/builds/2019.1/continuous/2019_05_24_2552052/src/products/hls/hls_lib/hlsmath/include/FloatingPoint/hls_range_redux.h:497->r:/builds/2019.1/continuous/2019_05_24_2552052/src/products/hls/hls_lib/hlsmath/include/FloatingPoint\hls_hotbm.h:268) [30]  (6.98 ns)

 <State 4>: 6.98ns
The critical path consists of the following:
	'mul' operation ('ret.V', r:/builds/2019.1/continuous/2019_05_24_2552052/src/products/hls/hls_lib/hlsmath/include/FloatingPoint/hls_range_redux.h:497->r:/builds/2019.1/continuous/2019_05_24_2552052/src/products/hls/hls_lib/hlsmath/include/FloatingPoint\hls_hotbm.h:268) [30]  (6.98 ns)

 <State 5>: 6.98ns
The critical path consists of the following:
	'mul' operation ('ret.V', r:/builds/2019.1/continuous/2019_05_24_2552052/src/products/hls/hls_lib/hlsmath/include/FloatingPoint/hls_range_redux.h:497->r:/builds/2019.1/continuous/2019_05_24_2552052/src/products/hls/hls_lib/hlsmath/include/FloatingPoint\hls_hotbm.h:268) [30]  (6.98 ns)

 <State 6>: 6.98ns
The critical path consists of the following:
	'mul' operation ('ret.V', r:/builds/2019.1/continuous/2019_05_24_2552052/src/products/hls/hls_lib/hlsmath/include/FloatingPoint/hls_range_redux.h:497->r:/builds/2019.1/continuous/2019_05_24_2552052/src/products/hls/hls_lib/hlsmath/include/FloatingPoint\hls_hotbm.h:268) [30]  (6.98 ns)

 <State 7>: 6.98ns
The critical path consists of the following:
	'mul' operation ('ret.V', r:/builds/2019.1/continuous/2019_05_24_2552052/src/products/hls/hls_lib/hlsmath/include/FloatingPoint/hls_range_redux.h:497->r:/builds/2019.1/continuous/2019_05_24_2552052/src/products/hls/hls_lib/hlsmath/include/FloatingPoint\hls_hotbm.h:268) [30]  (6.98 ns)

 <State 8>: 7.84ns
The critical path consists of the following:
	'sub' operation ('Mx_bits.V', r:/builds/2019.1/continuous/2019_05_24_2552052/src/products/hls/hls_lib/hlsmath/include/FloatingPoint/hls_range_redux.h:521->r:/builds/2019.1/continuous/2019_05_24_2552052/src/products/hls/hls_lib/hlsmath/include/FloatingPoint\hls_hotbm.h:268) [35]  (3.37 ns)
	'select' operation ('__Val2__', r:/builds/2019.1/continuous/2019_05_24_2552052/src/products/hls/hls_lib/hlsmath/include/FloatingPoint/hls_range_redux.h:520->r:/builds/2019.1/continuous/2019_05_24_2552052/src/products/hls/hls_lib/hlsmath/include/FloatingPoint\hls_hotbm.h:268) [36]  (1.08 ns)
	'cttz' operation ('val', r:/builds/2019.1/continuous/2019_05_24_2552052/src/products/hls/hls_lib/hlsmath/include/FloatingPoint/hls_normalize.h:104->r:/builds/2019.1/continuous/2019_05_24_2552052/src/products/hls/hls_lib/hlsmath/include/FloatingPoint/hls_range_redux.h:524->r:/builds/2019.1/continuous/2019_05_24_2552052/src/products/hls/hls_lib/hlsmath/include/FloatingPoint\hls_hotbm.h:268) [41]  (3.4 ns)

 <State 9>: 6.71ns
The critical path consists of the following:
	'add' operation ('add_ln114', r:/builds/2019.1/continuous/2019_05_24_2552052/src/products/hls/hls_lib/hlsmath/include/FloatingPoint/hls_range_redux.h:483->r:/builds/2019.1/continuous/2019_05_24_2552052/src/products/hls/hls_lib/hlsmath/include/FloatingPoint\hls_hotbm.h:268) [14]  (1.92 ns)
	'select' operation ('select_ln482', r:/builds/2019.1/continuous/2019_05_24_2552052/src/products/hls/hls_lib/hlsmath/include/FloatingPoint/hls_range_redux.h:482->r:/builds/2019.1/continuous/2019_05_24_2552052/src/products/hls/hls_lib/hlsmath/include/FloatingPoint\hls_hotbm.h:268) [15]  (0 ns)
	'sub' operation ('Ex.V', r:/builds/2019.1/continuous/2019_05_24_2552052/src/products/hls/hls_lib/hlsmath/include/FloatingPoint/hls_range_redux.h:534->r:/builds/2019.1/continuous/2019_05_24_2552052/src/products/hls/hls_lib/hlsmath/include/FloatingPoint\hls_hotbm.h:268) [47]  (1.92 ns)
	'sub' operation ('sub_ln1311', r:/builds/2019.1/continuous/2019_05_24_2552052/src/products/hls/hls_lib/hlsmath/include/FloatingPoint/hls_range_redux.h:535->r:/builds/2019.1/continuous/2019_05_24_2552052/src/products/hls/hls_lib/hlsmath/include/FloatingPoint\hls_hotbm.h:268) [50]  (1.92 ns)
	'select' operation ('sh', r:/builds/2019.1/continuous/2019_05_24_2552052/src/products/hls/hls_lib/hlsmath/include/FloatingPoint/hls_range_redux.h:535->r:/builds/2019.1/continuous/2019_05_24_2552052/src/products/hls/hls_lib/hlsmath/include/FloatingPoint\hls_hotbm.h:268) [51]  (0.968 ns)

 <State 10>: 7.59ns
The critical path consists of the following:
	'shl' operation ('shl_ln1253', r:/builds/2019.1/continuous/2019_05_24_2552052/src/products/hls/hls_lib/hlsmath/include/FloatingPoint/hls_range_redux.h:535->r:/builds/2019.1/continuous/2019_05_24_2552052/src/products/hls/hls_lib/hlsmath/include/FloatingPoint\hls_hotbm.h:268) [57]  (0 ns)
	'select' operation ('select_ln1310', r:/builds/2019.1/continuous/2019_05_24_2552052/src/products/hls/hls_lib/hlsmath/include/FloatingPoint/hls_range_redux.h:535->r:/builds/2019.1/continuous/2019_05_24_2552052/src/products/hls/hls_lib/hlsmath/include/FloatingPoint\hls_hotbm.h:268) [58]  (4.34 ns)
	'getelementptr' operation ('second_order_float_4', r:/builds/2019.1/continuous/2019_05_24_2552052/src/products/hls/hls_lib/hlsmath/src/common/hls_hotbm_float.cpp:28->r:/builds/2019.1/continuous/2019_05_24_2552052/src/products/hls/hls_lib/hlsmath/include/FloatingPoint\hls_hotbm.h:279) [77]  (0 ns)
	'load' operation ('__Val2__', r:/builds/2019.1/continuous/2019_05_24_2552052/src/products/hls/hls_lib/hlsmath/src/common/hls_hotbm_float.cpp:28->r:/builds/2019.1/continuous/2019_05_24_2552052/src/products/hls/hls_lib/hlsmath/include/FloatingPoint\hls_hotbm.h:279) on array 'second_order_float_2' [78]  (3.25 ns)

 <State 11>: 6.38ns
The critical path consists of the following:
	'mul' operation of DSP[71] ('r.V', r:/builds/2019.1/continuous/2019_05_24_2552052/src/products/hls/hls_lib/hlsmath/src/common/hls_hotbm_float.cpp:23->r:/builds/2019.1/continuous/2019_05_24_2552052/src/products/hls/hls_lib/hlsmath/include/FloatingPoint\hls_hotbm.h:279) [71]  (6.38 ns)

 <State 12>: 6.43ns
The critical path consists of the following:
	'mul' operation ('r.V', r:/builds/2019.1/continuous/2019_05_24_2552052/src/products/hls/hls_lib/hlsmath/src/common/hls_hotbm_float.cpp:29->r:/builds/2019.1/continuous/2019_05_24_2552052/src/products/hls/hls_lib/hlsmath/include/FloatingPoint\hls_hotbm.h:279) [84]  (6.43 ns)

 <State 13>: 4.31ns
The critical path consists of the following:
	'add' operation ('ret.V', r:/builds/2019.1/continuous/2019_05_24_2552052/src/products/hls/hls_lib/hlsmath/src/common/hls_hotbm_float.cpp:32->r:/builds/2019.1/continuous/2019_05_24_2552052/src/products/hls/hls_lib/hlsmath/include/FloatingPoint\hls_hotbm.h:279) [94]  (0 ns)
	'add' operation ('ret.V', r:/builds/2019.1/continuous/2019_05_24_2552052/src/products/hls/hls_lib/hlsmath/src/common/hls_hotbm_float.cpp:32->r:/builds/2019.1/continuous/2019_05_24_2552052/src/products/hls/hls_lib/hlsmath/include/FloatingPoint\hls_hotbm.h:279) [96]  (4.31 ns)

 <State 14>: 7.98ns
The critical path consists of the following:
	'mul' operation ('r.V', r:/builds/2019.1/continuous/2019_05_24_2552052/src/products/hls/hls_lib/hlsmath/src/common/hls_hotbm_float.cpp:32->r:/builds/2019.1/continuous/2019_05_24_2552052/src/products/hls/hls_lib/hlsmath/include/FloatingPoint\hls_hotbm.h:279) [99]  (7.98 ns)

 <State 15>: 8.66ns
The critical path consists of the following:
	'call' operation ('resultf', r:/builds/2019.1/continuous/2019_05_24_2552052/src/products/hls/hls_lib/hlsmath/include/FloatingPoint\hls_hotbm.h:281) to 'scaled_fixed2ieee.1' [103]  (6.6 ns)
	'select' operation ('select_ln311', r:/builds/2019.1/continuous/2019_05_24_2552052/src/products/hls/hls_lib/hlsmath/include/FloatingPoint\hls_hotbm.h:311) [120]  (2.06 ns)

 <State 16>: 0.993ns
The critical path consists of the following:
	'and' operation ('and_ln307', r:/builds/2019.1/continuous/2019_05_24_2552052/src/products/hls/hls_lib/hlsmath/include/FloatingPoint\hls_hotbm.h:307) [115]  (0 ns)
	'select' operation ('fp_struct<float>.sign.V', r:/builds/2019.1/continuous/2019_05_24_2552052/src/products/hls/hls_lib/hlsmath/include/FloatingPoint\hls_hotbm.h:300) [122]  (0.993 ns)


============================================================
+ Verbose Summary: Binding
============================================================
N/A
* FSMD analyzer results:
  - Output states:
 - Input state : 
  - Chain level:
	State 1
	State 2
	State 3
	State 4
	State 5
	State 6
	State 7
	State 8
	State 9
	State 10
	State 11
	State 12
	State 13
	State 14
	State 15
	State 16


============================================================
+ Verbose Summary: Datapath Resource usage 
============================================================
N/A
